22:18:26.233 [  restartedMain] plus.lgx.ordermanager.OrderManagerApplication      : Starting OrderManagerApplication using Java 17.0.8 with PID 68514 (/Users/lgx/Documents/Projects.localized/2024/java/order-manager/backend/target/classes started by lgx in /Users/lgx/Documents/Projects.localized/2024/java/order-manager/backend)
22:18:26.234 [  restartedMain] plus.lgx.ordermanager.OrderManagerApplication      : No active profile set, falling back to 1 default profile: "default"
22:18:26.250 [  restartedMain] o.s.b.d.env.DevToolsPropertyDefaultsPostProcessor  : Devtools property defaults active! Set 'spring.devtools.add-properties' to 'false' to disable
22:18:26.251 [  restartedMain] o.s.b.d.env.DevToolsPropertyDefaultsPostProcessor  : For additional web related logging consider setting the 'logging.level.web' property to 'DEBUG'
22:18:26.645 [  restartedMain] o.s.b.a.logging.ConditionEvaluationReportLogger    : 

Error starting ApplicationContext. To display the condition evaluation report re-run your application with 'debug' enabled.
22:23:59.642 [  restartedMain] plus.lgx.ordermanager.OrderManagerApplication      : Starting OrderManagerApplication using Java 17.0.8 with PID 68598 (/Users/lgx/Documents/Projects.localized/2024/java/order-manager/backend/target/classes started by lgx in /Users/lgx/Documents/Projects.localized/2024/java/order-manager/backend)
22:23:59.645 [  restartedMain] plus.lgx.ordermanager.OrderManagerApplication      : No active profile set, falling back to 1 default profile: "default"
22:23:59.662 [  restartedMain] o.s.b.d.env.DevToolsPropertyDefaultsPostProcessor  : Devtools property defaults active! Set 'spring.devtools.add-properties' to 'false' to disable
22:23:59.662 [  restartedMain] o.s.b.d.env.DevToolsPropertyDefaultsPostProcessor  : For additional web related logging consider setting the 'logging.level.web' property to 'DEBUG'
22:24:00.232 [  restartedMain] o.s.boot.web.embedded.tomcat.TomcatWebServer       : Tomcat initialized with port 8080 (http)
22:24:00.239 [  restartedMain] org.apache.coyote.http11.Http11NioProtocol         : Initializing ProtocolHandler ["http-nio-8080"]
22:24:00.240 [  restartedMain] org.apache.catalina.core.StandardService           : Starting service [Tomcat]
22:24:00.240 [  restartedMain] org.apache.catalina.core.StandardEngine            : Starting Servlet engine: [Apache Tomcat/10.1.28]
22:24:00.257 [  restartedMain] o.a.c.core.ContainerBase.[Tomcat].[localhost].[/]  : Initializing Spring embedded WebApplicationContext
22:24:00.257 [  restartedMain] o.s.b.w.s.c.ServletWebServerApplicationContext     : Root WebApplicationContext: initialization completed in 595 ms
22:24:00.848 [  restartedMain] org.apache.catalina.core.StandardService           : Stopping service [Tomcat]
22:24:00.862 [  restartedMain] o.s.b.a.logging.ConditionEvaluationReportLogger    : 

Error starting ApplicationContext. To display the condition evaluation report re-run your application with 'debug' enabled.
22:28:00.204 [  restartedMain] plus.lgx.ordermanager.OrderManagerApplication      : Starting OrderManagerApplication using Java 17.0.8 with PID 68654 (/Users/lgx/Documents/Projects.localized/2024/java/order-manager/backend/target/classes started by lgx in /Users/lgx/Documents/Projects.localized/2024/java/order-manager/backend)
22:28:00.205 [  restartedMain] plus.lgx.ordermanager.OrderManagerApplication      : No active profile set, falling back to 1 default profile: "default"
22:28:00.239 [  restartedMain] o.s.b.d.env.DevToolsPropertyDefaultsPostProcessor  : Devtools property defaults active! Set 'spring.devtools.add-properties' to 'false' to disable
22:28:00.240 [  restartedMain] o.s.b.d.env.DevToolsPropertyDefaultsPostProcessor  : For additional web related logging consider setting the 'logging.level.web' property to 'DEBUG'
22:28:01.166 [  restartedMain] o.s.boot.web.embedded.tomcat.TomcatWebServer       : Tomcat initialized with port 8080 (http)
22:28:01.172 [  restartedMain] org.apache.coyote.http11.Http11NioProtocol         : Initializing ProtocolHandler ["http-nio-8080"]
22:28:01.174 [  restartedMain] org.apache.catalina.core.StandardService           : Starting service [Tomcat]
22:28:01.174 [  restartedMain] org.apache.catalina.core.StandardEngine            : Starting Servlet engine: [Apache Tomcat/10.1.28]
22:28:01.199 [  restartedMain] o.a.c.core.ContainerBase.[Tomcat].[localhost].[/]  : Initializing Spring embedded WebApplicationContext
22:28:01.199 [  restartedMain] o.s.b.w.s.c.ServletWebServerApplicationContext     : Root WebApplicationContext: initialization completed in 959 ms
22:28:02.299 [  restartedMain] org.apache.catalina.core.StandardService           : Stopping service [Tomcat]
22:28:02.319 [  restartedMain] o.s.b.a.logging.ConditionEvaluationReportLogger    : 

Error starting ApplicationContext. To display the condition evaluation report re-run your application with 'debug' enabled.
22:30:29.681 [  restartedMain] plus.lgx.ordermanager.OrderManagerApplication      : Starting OrderManagerApplication using Java 17.0.8 with PID 68703 (/Users/lgx/Documents/Projects.localized/2024/java/order-manager/backend/target/classes started by lgx in /Users/lgx/Documents/Projects.localized/2024/java/order-manager/backend)
22:30:29.684 [  restartedMain] plus.lgx.ordermanager.OrderManagerApplication      : No active profile set, falling back to 1 default profile: "default"
22:30:29.719 [  restartedMain] o.s.b.d.env.DevToolsPropertyDefaultsPostProcessor  : Devtools property defaults active! Set 'spring.devtools.add-properties' to 'false' to disable
22:30:29.719 [  restartedMain] o.s.b.d.env.DevToolsPropertyDefaultsPostProcessor  : For additional web related logging consider setting the 'logging.level.web' property to 'DEBUG'
22:30:30.448 [  restartedMain] o.s.boot.web.embedded.tomcat.TomcatWebServer       : Tomcat initialized with port 8080 (http)
22:30:30.454 [  restartedMain] org.apache.coyote.http11.Http11NioProtocol         : Initializing ProtocolHandler ["http-nio-8080"]
22:30:30.455 [  restartedMain] org.apache.catalina.core.StandardService           : Starting service [Tomcat]
22:30:30.455 [  restartedMain] org.apache.catalina.core.StandardEngine            : Starting Servlet engine: [Apache Tomcat/10.1.28]
22:30:30.477 [  restartedMain] o.a.c.core.ContainerBase.[Tomcat].[localhost].[/]  : Initializing Spring embedded WebApplicationContext
22:30:30.477 [  restartedMain] o.s.b.w.s.c.ServletWebServerApplicationContext     : Root WebApplicationContext: initialization completed in 757 ms
22:30:31.075 [  restartedMain] org.apache.catalina.core.StandardService           : Stopping service [Tomcat]
22:30:31.088 [  restartedMain] o.s.b.a.logging.ConditionEvaluationReportLogger    : 

Error starting ApplicationContext. To display the condition evaluation report re-run your application with 'debug' enabled.
22:33:00.045 [  restartedMain] plus.lgx.ordermanager.OrderManagerApplication      : Starting OrderManagerApplication using Java 17.0.8 with PID 68748 (/Users/lgx/Documents/Projects.localized/2024/java/order-manager/backend/target/classes started by lgx in /Users/lgx/Documents/Projects.localized/2024/java/order-manager/backend)
22:33:00.046 [  restartedMain] plus.lgx.ordermanager.OrderManagerApplication      : No active profile set, falling back to 1 default profile: "default"
22:33:00.065 [  restartedMain] o.s.b.d.env.DevToolsPropertyDefaultsPostProcessor  : Devtools property defaults active! Set 'spring.devtools.add-properties' to 'false' to disable
22:33:00.065 [  restartedMain] o.s.b.d.env.DevToolsPropertyDefaultsPostProcessor  : For additional web related logging consider setting the 'logging.level.web' property to 'DEBUG'
22:33:00.645 [  restartedMain] o.s.boot.web.embedded.tomcat.TomcatWebServer       : Tomcat initialized with port 8080 (http)
22:33:00.649 [  restartedMain] org.apache.coyote.http11.Http11NioProtocol         : Initializing ProtocolHandler ["http-nio-8080"]
22:33:00.651 [  restartedMain] org.apache.catalina.core.StandardService           : Starting service [Tomcat]
22:33:00.651 [  restartedMain] org.apache.catalina.core.StandardEngine            : Starting Servlet engine: [Apache Tomcat/10.1.28]
22:33:00.667 [  restartedMain] o.a.c.core.ContainerBase.[Tomcat].[localhost].[/]  : Initializing Spring embedded WebApplicationContext
22:33:00.668 [  restartedMain] o.s.b.w.s.c.ServletWebServerApplicationContext     : Root WebApplicationContext: initialization completed in 603 ms
22:33:01.294 [  restartedMain] o.s.b.d.autoconfigure.OptionalLiveReloadServer     : LiveReload server is running on port 35729
22:33:01.316 [  restartedMain] org.apache.coyote.http11.Http11NioProtocol         : Starting ProtocolHandler ["http-nio-8080"]
22:33:01.324 [  restartedMain] o.s.boot.web.embedded.tomcat.TomcatWebServer       : Tomcat started on port 8080 (http) with context path '/'
22:33:01.329 [  restartedMain] plus.lgx.ordermanager.OrderManagerApplication      : Started OrderManagerApplication in 1.522 seconds (process running for 1.827)
22:40:54.422 [   File Watcher] tion$RestartingClassPathChangeChangedEventListener : Restarting due to 24 class path changes (11 additions, 11 deletions, 2 modifications)
22:40:54.461 [       Thread-5] org.apache.coyote.http11.Http11NioProtocol         : Stopping ProtocolHandler ["http-nio-8080"]
22:40:54.579 [  restartedMain] plus.lgx.ordermanager.OrderManagerApplication      : Starting OrderManagerApplication using Java 17.0.8 with PID 68748 (/Users/lgx/Documents/Projects.localized/2024/java/order-manager/backend/target/classes started by lgx in /Users/lgx/Documents/Projects.localized/2024/java/order-manager/backend)
22:40:54.580 [  restartedMain] plus.lgx.ordermanager.OrderManagerApplication      : No active profile set, falling back to 1 default profile: "default"
22:40:54.840 [  restartedMain] o.s.boot.web.embedded.tomcat.TomcatWebServer       : Tomcat initialized with port 8080 (http)
22:40:54.841 [  restartedMain] org.apache.coyote.http11.Http11NioProtocol         : Initializing ProtocolHandler ["http-nio-8080"]
22:40:54.841 [  restartedMain] org.apache.catalina.core.StandardService           : Starting service [Tomcat]
22:40:54.842 [  restartedMain] org.apache.catalina.core.StandardEngine            : Starting Servlet engine: [Apache Tomcat/10.1.28]
22:40:54.847 [  restartedMain] o.a.c.core.ContainerBase.[Tomcat].[localhost].[/]  : Initializing Spring embedded WebApplicationContext
22:40:54.847 [  restartedMain] o.s.b.w.s.c.ServletWebServerApplicationContext     : Root WebApplicationContext: initialization completed in 266 ms
22:40:55.262 [  restartedMain] o.s.b.d.autoconfigure.OptionalLiveReloadServer     : LiveReload server is running on port 35729
22:40:55.282 [  restartedMain] org.apache.coyote.http11.Http11NioProtocol         : Starting ProtocolHandler ["http-nio-8080"]
22:40:55.283 [  restartedMain] o.s.boot.web.embedded.tomcat.TomcatWebServer       : Tomcat started on port 8080 (http) with context path '/'
22:40:55.286 [  restartedMain] plus.lgx.ordermanager.OrderManagerApplication      : Started OrderManagerApplication in 0.73 seconds (process running for 475.785)
22:40:55.287 [  restartedMain] o.s.b.d.a.ConditionEvaluationDeltaLoggingListener  : Condition evaluation unchanged
22:41:02.328 [nio-8080-exec-1] o.a.c.core.ContainerBase.[Tomcat].[localhost].[/]  : Initializing Spring DispatcherServlet 'dispatcherServlet'
22:41:02.329 [nio-8080-exec-1] org.springframework.web.servlet.DispatcherServlet  : Initializing Servlet 'dispatcherServlet'
22:41:02.332 [nio-8080-exec-1] org.springframework.web.servlet.DispatcherServlet  : Completed initialization in 2 ms
22:49:11.471 [  restartedMain] plus.lgx.ordermanager.OrderManagerApplication      : Starting OrderManagerApplication using Java 17.0.8 with PID 68988 (/Users/lgx/Documents/Projects.localized/2024/java/order-manager/backend/target/classes started by lgx in /Users/lgx/Documents/Projects.localized/2024/java/order-manager/backend)
22:49:11.473 [  restartedMain] plus.lgx.ordermanager.OrderManagerApplication      : No active profile set, falling back to 1 default profile: "default"
22:49:11.502 [  restartedMain] o.s.b.d.env.DevToolsPropertyDefaultsPostProcessor  : Devtools property defaults active! Set 'spring.devtools.add-properties' to 'false' to disable
22:49:11.502 [  restartedMain] o.s.b.d.env.DevToolsPropertyDefaultsPostProcessor  : For additional web related logging consider setting the 'logging.level.web' property to 'DEBUG'
22:49:12.720 [  restartedMain] o.s.boot.web.embedded.tomcat.TomcatWebServer       : Tomcat initialized with port 8080 (http)
22:49:12.728 [  restartedMain] org.apache.coyote.http11.Http11NioProtocol         : Initializing ProtocolHandler ["http-nio-8080"]
22:49:12.730 [  restartedMain] org.apache.catalina.core.StandardService           : Starting service [Tomcat]
22:49:12.730 [  restartedMain] org.apache.catalina.core.StandardEngine            : Starting Servlet engine: [Apache Tomcat/10.1.28]
22:49:12.754 [  restartedMain] o.a.c.core.ContainerBase.[Tomcat].[localhost].[/]  : Initializing Spring embedded WebApplicationContext
22:49:12.755 [  restartedMain] o.s.b.w.s.c.ServletWebServerApplicationContext     : Root WebApplicationContext: initialization completed in 1252 ms
22:49:12.817 [  restartedMain] org.apache.catalina.core.StandardService           : Stopping service [Tomcat]
22:49:12.837 [  restartedMain] o.s.b.a.logging.ConditionEvaluationReportLogger    : 

Error starting ApplicationContext. To display the condition evaluation report re-run your application with 'debug' enabled.
22:52:32.797 [  restartedMain] plus.lgx.ordermanager.OrderManagerApplication      : Starting OrderManagerApplication using Java 17.0.8 with PID 69076 (/Users/lgx/Documents/Projects.localized/2024/java/order-manager/backend/target/classes started by lgx in /Users/lgx/Documents/Projects.localized/2024/java/order-manager/backend)
22:52:32.799 [  restartedMain] plus.lgx.ordermanager.OrderManagerApplication      : No active profile set, falling back to 1 default profile: "default"
22:52:32.828 [  restartedMain] o.s.b.d.env.DevToolsPropertyDefaultsPostProcessor  : Devtools property defaults active! Set 'spring.devtools.add-properties' to 'false' to disable
22:52:32.828 [  restartedMain] o.s.b.d.env.DevToolsPropertyDefaultsPostProcessor  : For additional web related logging consider setting the 'logging.level.web' property to 'DEBUG'
22:52:34.001 [  restartedMain] o.s.boot.web.embedded.tomcat.TomcatWebServer       : Tomcat initialized with port 8080 (http)
22:52:34.022 [  restartedMain] org.apache.coyote.http11.Http11NioProtocol         : Initializing ProtocolHandler ["http-nio-8080"]
22:52:34.025 [  restartedMain] org.apache.catalina.core.StandardService           : Starting service [Tomcat]
22:52:34.026 [  restartedMain] org.apache.catalina.core.StandardEngine            : Starting Servlet engine: [Apache Tomcat/10.1.28]
22:52:34.055 [  restartedMain] o.a.c.core.ContainerBase.[Tomcat].[localhost].[/]  : Initializing Spring embedded WebApplicationContext
22:52:34.055 [  restartedMain] o.s.b.w.s.c.ServletWebServerApplicationContext     : Root WebApplicationContext: initialization completed in 1227 ms
22:52:34.115 [  restartedMain] org.apache.catalina.core.StandardService           : Stopping service [Tomcat]
22:52:34.131 [  restartedMain] o.s.b.a.logging.ConditionEvaluationReportLogger    : 

Error starting ApplicationContext. To display the condition evaluation report re-run your application with 'debug' enabled.
22:53:22.705 [  restartedMain] plus.lgx.ordermanager.OrderManagerApplication      : Starting OrderManagerApplication using Java 17.0.8 with PID 69106 (/Users/lgx/Documents/Projects.localized/2024/java/order-manager/backend/target/classes started by lgx in /Users/lgx/Documents/Projects.localized/2024/java/order-manager/backend)
22:53:22.706 [  restartedMain] plus.lgx.ordermanager.OrderManagerApplication      : No active profile set, falling back to 1 default profile: "default"
22:53:22.724 [  restartedMain] o.s.b.d.env.DevToolsPropertyDefaultsPostProcessor  : Devtools property defaults active! Set 'spring.devtools.add-properties' to 'false' to disable
22:53:22.724 [  restartedMain] o.s.b.d.env.DevToolsPropertyDefaultsPostProcessor  : For additional web related logging consider setting the 'logging.level.web' property to 'DEBUG'
22:53:23.318 [  restartedMain] o.s.boot.web.embedded.tomcat.TomcatWebServer       : Tomcat initialized with port 8080 (http)
22:53:23.323 [  restartedMain] org.apache.coyote.http11.Http11NioProtocol         : Initializing ProtocolHandler ["http-nio-8080"]
22:53:23.324 [  restartedMain] org.apache.catalina.core.StandardService           : Starting service [Tomcat]
22:53:23.325 [  restartedMain] org.apache.catalina.core.StandardEngine            : Starting Servlet engine: [Apache Tomcat/10.1.28]
22:53:23.342 [  restartedMain] o.a.c.core.ContainerBase.[Tomcat].[localhost].[/]  : Initializing Spring embedded WebApplicationContext
22:53:23.343 [  restartedMain] o.s.b.w.s.c.ServletWebServerApplicationContext     : Root WebApplicationContext: initialization completed in 619 ms
22:53:24.009 [  restartedMain] o.s.b.d.autoconfigure.OptionalLiveReloadServer     : LiveReload server is running on port 35729
22:53:24.031 [  restartedMain] org.apache.coyote.http11.Http11NioProtocol         : Starting ProtocolHandler ["http-nio-8080"]
22:53:24.038 [  restartedMain] o.s.boot.web.embedded.tomcat.TomcatWebServer       : Tomcat started on port 8080 (http) with context path '/'
22:53:24.044 [  restartedMain] plus.lgx.ordermanager.OrderManagerApplication      : Started OrderManagerApplication in 1.565 seconds (process running for 1.86)
22:53:49.350 [nio-8080-exec-1] o.a.c.core.ContainerBase.[Tomcat].[localhost].[/]  : Initializing Spring DispatcherServlet 'dispatcherServlet'
22:53:49.350 [nio-8080-exec-1] org.springframework.web.servlet.DispatcherServlet  : Initializing Servlet 'dispatcherServlet'
22:53:49.353 [nio-8080-exec-1] org.springframework.web.servlet.DispatcherServlet  : Completed initialization in 2 ms
22:54:54.499 [   File Watcher] tion$RestartingClassPathChangeChangedEventListener : Restarting due to 97 class path changes (0 additions, 84 deletions, 13 modifications)
22:54:54.531 [       Thread-5] org.apache.coyote.http11.Http11NioProtocol         : Stopping ProtocolHandler ["http-nio-8080"]
22:54:54.769 [  restartedMain] plus.lgx.ordermanager.OrderManagerApplication      : Starting OrderManagerApplication using Java 17.0.8 with PID 69106 (/Users/lgx/Documents/Projects.localized/2024/java/order-manager/backend/target/classes started by lgx in /Users/lgx/Documents/Projects.localized/2024/java/order-manager/backend)
22:54:54.769 [  restartedMain] plus.lgx.ordermanager.OrderManagerApplication      : No active profile set, falling back to 1 default profile: "default"
22:54:55.005 [  restartedMain] o.s.boot.web.embedded.tomcat.TomcatWebServer       : Tomcat initialized with port 8080 (http)
22:54:55.005 [  restartedMain] org.apache.coyote.http11.Http11NioProtocol         : Initializing ProtocolHandler ["http-nio-8080"]
22:54:55.005 [  restartedMain] org.apache.catalina.core.StandardService           : Starting service [Tomcat]
22:54:55.005 [  restartedMain] org.apache.catalina.core.StandardEngine            : Starting Servlet engine: [Apache Tomcat/10.1.28]
22:54:55.010 [  restartedMain] o.a.c.core.ContainerBase.[Tomcat].[localhost].[/]  : Initializing Spring embedded WebApplicationContext
22:54:55.010 [  restartedMain] o.s.b.w.s.c.ServletWebServerApplicationContext     : Root WebApplicationContext: initialization completed in 240 ms
22:54:55.379 [  restartedMain] o.s.b.d.autoconfigure.OptionalLiveReloadServer     : LiveReload server is running on port 35729
22:54:55.400 [  restartedMain] org.apache.coyote.http11.Http11NioProtocol         : Starting ProtocolHandler ["http-nio-8080"]
22:54:55.402 [  restartedMain] o.s.boot.web.embedded.tomcat.TomcatWebServer       : Tomcat started on port 8080 (http) with context path '/'
22:54:55.405 [  restartedMain] plus.lgx.ordermanager.OrderManagerApplication      : Started OrderManagerApplication in 0.667 seconds (process running for 93.222)
22:54:55.406 [  restartedMain] o.s.b.d.a.ConditionEvaluationDeltaLoggingListener  : Condition evaluation unchanged
22:54:56.803 [   File Watcher] tion$RestartingClassPathChangeChangedEventListener : Restarting due to 73 class path changes (73 additions, 0 deletions, 0 modifications)
22:54:56.808 [       Thread-7] org.apache.coyote.http11.Http11NioProtocol         : Stopping ProtocolHandler ["http-nio-8080"]
22:54:56.865 [  restartedMain] plus.lgx.ordermanager.OrderManagerApplication      : Starting OrderManagerApplication using Java 17.0.8 with PID 69106 (/Users/lgx/Documents/Projects.localized/2024/java/order-manager/backend/target/classes started by lgx in /Users/lgx/Documents/Projects.localized/2024/java/order-manager/backend)
22:54:56.865 [  restartedMain] plus.lgx.ordermanager.OrderManagerApplication      : No active profile set, falling back to 1 default profile: "default"
22:54:56.989 [  restartedMain] o.s.boot.web.embedded.tomcat.TomcatWebServer       : Tomcat initialized with port 8080 (http)
22:54:56.989 [  restartedMain] org.apache.coyote.http11.Http11NioProtocol         : Initializing ProtocolHandler ["http-nio-8080"]
22:54:56.989 [  restartedMain] org.apache.catalina.core.StandardService           : Starting service [Tomcat]
22:54:56.989 [  restartedMain] org.apache.catalina.core.StandardEngine            : Starting Servlet engine: [Apache Tomcat/10.1.28]
22:54:56.993 [  restartedMain] o.a.c.core.ContainerBase.[Tomcat].[localhost].[/]  : Initializing Spring embedded WebApplicationContext
22:54:56.993 [  restartedMain] o.s.b.w.s.c.ServletWebServerApplicationContext     : Root WebApplicationContext: initialization completed in 127 ms
22:54:57.349 [  restartedMain] o.s.b.d.autoconfigure.OptionalLiveReloadServer     : LiveReload server is running on port 35729
22:54:57.365 [  restartedMain] org.apache.coyote.http11.Http11NioProtocol         : Starting ProtocolHandler ["http-nio-8080"]
22:54:57.366 [  restartedMain] o.s.boot.web.embedded.tomcat.TomcatWebServer       : Tomcat started on port 8080 (http) with context path '/'
22:54:57.368 [  restartedMain] plus.lgx.ordermanager.OrderManagerApplication      : Started OrderManagerApplication in 0.522 seconds (process running for 95.185)
22:54:57.369 [  restartedMain] o.s.b.d.a.ConditionEvaluationDeltaLoggingListener  : Condition evaluation unchanged
22:56:46.276 [  restartedMain] plus.lgx.ordermanager.OrderManagerApplication      : Starting OrderManagerApplication using Java 17.0.8 with PID 69216 (/Users/lgx/Documents/Projects.localized/2024/java/order-manager/backend/target/classes started by lgx in /Users/lgx/Documents/Projects.localized/2024/java/order-manager/backend)
22:56:46.405 [  restartedMain] plus.lgx.ordermanager.OrderManagerApplication      : No active profile set, falling back to 1 default profile: "default"
22:56:46.432 [  restartedMain] o.s.b.d.env.DevToolsPropertyDefaultsPostProcessor  : Devtools property defaults active! Set 'spring.devtools.add-properties' to 'false' to disable
22:56:46.432 [  restartedMain] o.s.b.d.env.DevToolsPropertyDefaultsPostProcessor  : For additional web related logging consider setting the 'logging.level.web' property to 'DEBUG'
22:56:47.291 [  restartedMain] o.s.boot.web.embedded.tomcat.TomcatWebServer       : Tomcat initialized with port 8080 (http)
22:56:47.304 [  restartedMain] org.apache.coyote.http11.Http11NioProtocol         : Initializing ProtocolHandler ["http-nio-8080"]
22:56:47.309 [  restartedMain] org.apache.catalina.core.StandardService           : Starting service [Tomcat]
22:56:47.309 [  restartedMain] org.apache.catalina.core.StandardEngine            : Starting Servlet engine: [Apache Tomcat/10.1.28]
22:56:47.361 [  restartedMain] o.a.c.core.ContainerBase.[Tomcat].[localhost].[/]  : Initializing Spring embedded WebApplicationContext
22:56:47.361 [  restartedMain] o.s.b.w.s.c.ServletWebServerApplicationContext     : Root WebApplicationContext: initialization completed in 929 ms
22:56:47.554 [  restartedMain] org.apache.catalina.core.StandardService           : Stopping service [Tomcat]
22:56:47.574 [  restartedMain] o.s.b.a.logging.ConditionEvaluationReportLogger    : 

Error starting ApplicationContext. To display the condition evaluation report re-run your application with 'debug' enabled.
23:10:31.818 [  restartedMain] plus.lgx.ordermanager.OrderManagerApplication      : Starting OrderManagerApplication using Java 17.0.8 with PID 69386 (/Users/lgx/Documents/Projects.localized/2024/java/order-manager/backend/target/classes started by lgx in /Users/lgx/Documents/Projects.localized/2024/java/order-manager/backend)
23:10:31.819 [  restartedMain] plus.lgx.ordermanager.OrderManagerApplication      : No active profile set, falling back to 1 default profile: "default"
23:10:31.838 [  restartedMain] o.s.b.d.env.DevToolsPropertyDefaultsPostProcessor  : Devtools property defaults active! Set 'spring.devtools.add-properties' to 'false' to disable
23:10:31.838 [  restartedMain] o.s.b.d.env.DevToolsPropertyDefaultsPostProcessor  : For additional web related logging consider setting the 'logging.level.web' property to 'DEBUG'
23:10:32.581 [  restartedMain] o.s.boot.web.embedded.tomcat.TomcatWebServer       : Tomcat initialized with port(s): 8080 (http)
23:10:32.584 [  restartedMain] org.apache.coyote.http11.Http11NioProtocol         : Initializing ProtocolHandler ["http-nio-8080"]
23:10:32.585 [  restartedMain] org.apache.catalina.core.StandardService           : Starting service [Tomcat]
23:10:32.585 [  restartedMain] org.apache.catalina.core.StandardEngine            : Starting Servlet engine: [Apache Tomcat/10.1.24]
23:10:32.608 [  restartedMain] o.a.c.core.ContainerBase.[Tomcat].[localhost].[/]  : Initializing Spring embedded WebApplicationContext
23:10:32.608 [  restartedMain] o.s.b.w.s.c.ServletWebServerApplicationContext     : Root WebApplicationContext: initialization completed in 769 ms
23:10:33.258 [  restartedMain] o.s.b.d.autoconfigure.OptionalLiveReloadServer     : LiveReload server is running on port 35729
23:10:33.281 [  restartedMain] org.apache.coyote.http11.Http11NioProtocol         : Starting ProtocolHandler ["http-nio-8080"]
23:10:33.288 [  restartedMain] o.s.boot.web.embedded.tomcat.TomcatWebServer       : Tomcat started on port(s): 8080 (http) with context path ''
23:10:33.293 [  restartedMain] plus.lgx.ordermanager.OrderManagerApplication      : Started OrderManagerApplication in 1.681 seconds (process running for 2.051)
23:11:06.036 [nio-8080-exec-1] o.a.c.core.ContainerBase.[Tomcat].[localhost].[/]  : Initializing Spring DispatcherServlet 'dispatcherServlet'
23:11:06.037 [nio-8080-exec-1] org.springframework.web.servlet.DispatcherServlet  : Initializing Servlet 'dispatcherServlet'
23:11:06.045 [nio-8080-exec-1] org.springframework.web.servlet.DispatcherServlet  : Completed initialization in 8 ms
23:11:25.327 [   File Watcher] tion$RestartingClassPathChangeChangedEventListener : Restarting due to 13 class path changes (0 additions, 0 deletions, 13 modifications)
23:11:25.374 [       Thread-5] org.apache.coyote.http11.Http11NioProtocol         : Pausing ProtocolHandler ["http-nio-8080"]
23:11:25.375 [       Thread-5] org.apache.catalina.core.StandardService           : Stopping service [Tomcat]
23:11:25.383 [       Thread-5] o.a.c.core.ContainerBase.[Tomcat].[localhost].[/]  : Destroying Spring FrameworkServlet 'dispatcherServlet'
23:11:25.424 [       Thread-5] org.apache.coyote.http11.Http11NioProtocol         : Stopping ProtocolHandler ["http-nio-8080"]
23:11:25.430 [       Thread-5] org.apache.coyote.http11.Http11NioProtocol         : Destroying ProtocolHandler ["http-nio-8080"]
23:11:25.517 [  restartedMain] plus.lgx.ordermanager.OrderManagerApplication      : Starting OrderManagerApplication using Java 17.0.8 with PID 69386 (/Users/lgx/Documents/Projects.localized/2024/java/order-manager/backend/target/classes started by lgx in /Users/lgx/Documents/Projects.localized/2024/java/order-manager/backend)
23:11:25.517 [  restartedMain] plus.lgx.ordermanager.OrderManagerApplication      : No active profile set, falling back to 1 default profile: "default"
23:11:25.671 [  restartedMain] o.s.boot.web.embedded.tomcat.TomcatWebServer       : Tomcat initialized with port(s): 8080 (http)
23:11:25.671 [  restartedMain] org.apache.coyote.http11.Http11NioProtocol         : Initializing ProtocolHandler ["http-nio-8080"]
23:11:25.672 [  restartedMain] org.apache.catalina.core.StandardService           : Starting service [Tomcat]
23:11:25.672 [  restartedMain] org.apache.catalina.core.StandardEngine            : Starting Servlet engine: [Apache Tomcat/10.1.24]
23:11:25.675 [  restartedMain] o.a.c.core.ContainerBase.[Tomcat].[localhost].[/]  : Initializing Spring embedded WebApplicationContext
23:11:25.676 [  restartedMain] o.s.b.w.s.c.ServletWebServerApplicationContext     : Root WebApplicationContext: initialization completed in 158 ms
23:11:26.069 [  restartedMain] o.s.b.d.autoconfigure.OptionalLiveReloadServer     : LiveReload server is running on port 35729
23:11:26.090 [  restartedMain] org.apache.coyote.http11.Http11NioProtocol         : Starting ProtocolHandler ["http-nio-8080"]
23:11:26.092 [  restartedMain] o.s.boot.web.embedded.tomcat.TomcatWebServer       : Tomcat started on port(s): 8080 (http) with context path ''
23:11:26.101 [  restartedMain] plus.lgx.ordermanager.OrderManagerApplication      : Started OrderManagerApplication in 0.601 seconds (process running for 54.858)
23:11:26.107 [  restartedMain] o.s.b.d.a.ConditionEvaluationDeltaLoggingListener  : Condition evaluation unchanged
23:11:46.468 [  restartedMain] plus.lgx.ordermanager.OrderManagerApplication      : Starting OrderManagerApplication using Java 17.0.8 with PID 69440 (/Users/lgx/Documents/Projects.localized/2024/java/order-manager/backend/target/classes started by lgx in /Users/lgx/Documents/Projects.localized/2024/java/order-manager/backend)
23:11:46.469 [  restartedMain] plus.lgx.ordermanager.OrderManagerApplication      : No active profile set, falling back to 1 default profile: "default"
23:11:46.490 [  restartedMain] o.s.b.d.env.DevToolsPropertyDefaultsPostProcessor  : Devtools property defaults active! Set 'spring.devtools.add-properties' to 'false' to disable
23:11:46.490 [  restartedMain] o.s.b.d.env.DevToolsPropertyDefaultsPostProcessor  : For additional web related logging consider setting the 'logging.level.web' property to 'DEBUG'
23:11:47.053 [  restartedMain] o.s.boot.web.embedded.tomcat.TomcatWebServer       : Tomcat initialized with port(s): 8080 (http)
23:11:47.058 [  restartedMain] org.apache.coyote.http11.Http11NioProtocol         : Initializing ProtocolHandler ["http-nio-8080"]
23:11:47.059 [  restartedMain] org.apache.catalina.core.StandardService           : Starting service [Tomcat]
23:11:47.059 [  restartedMain] org.apache.catalina.core.StandardEngine            : Starting Servlet engine: [Apache Tomcat/10.1.13]
23:11:47.089 [  restartedMain] o.a.c.core.ContainerBase.[Tomcat].[localhost].[/]  : Initializing Spring embedded WebApplicationContext
23:11:47.089 [  restartedMain] o.s.b.w.s.c.ServletWebServerApplicationContext     : Root WebApplicationContext: initialization completed in 599 ms
23:11:47.686 [  restartedMain] o.s.b.d.autoconfigure.OptionalLiveReloadServer     : LiveReload server is running on port 35729
23:11:47.708 [  restartedMain] org.apache.coyote.http11.Http11NioProtocol         : Starting ProtocolHandler ["http-nio-8080"]
23:11:47.715 [  restartedMain] o.s.boot.web.embedded.tomcat.TomcatWebServer       : Tomcat started on port(s): 8080 (http) with context path ''
23:11:47.720 [  restartedMain] plus.lgx.ordermanager.OrderManagerApplication      : Started OrderManagerApplication in 1.512 seconds (process running for 1.794)
23:12:04.298 [   File Watcher] tion$RestartingClassPathChangeChangedEventListener : Restarting due to 1 class path change (0 additions, 0 deletions, 1 modification)
23:12:04.311 [       Thread-5] org.apache.coyote.http11.Http11NioProtocol         : Pausing ProtocolHandler ["http-nio-8080"]
23:12:04.311 [       Thread-5] org.apache.catalina.core.StandardService           : Stopping service [Tomcat]
23:12:04.323 [       Thread-5] org.apache.coyote.http11.Http11NioProtocol         : Stopping ProtocolHandler ["http-nio-8080"]
23:12:04.325 [       Thread-5] org.apache.coyote.http11.Http11NioProtocol         : Destroying ProtocolHandler ["http-nio-8080"]
23:12:04.380 [  restartedMain] plus.lgx.ordermanager.OrderManagerApplication      : Starting OrderManagerApplication using Java 17.0.8 with PID 69440 (/Users/lgx/Documents/Projects.localized/2024/java/order-manager/backend/target/classes started by lgx in /Users/lgx/Documents/Projects.localized/2024/java/order-manager/backend)
23:12:04.380 [  restartedMain] plus.lgx.ordermanager.OrderManagerApplication      : No active profile set, falling back to 1 default profile: "default"
23:12:04.518 [  restartedMain] o.s.boot.web.embedded.tomcat.TomcatWebServer       : Tomcat initialized with port(s): 8080 (http)
23:12:04.518 [  restartedMain] org.apache.coyote.http11.Http11NioProtocol         : Initializing ProtocolHandler ["http-nio-8080"]
23:12:04.518 [  restartedMain] org.apache.catalina.core.StandardService           : Starting service [Tomcat]
23:12:04.518 [  restartedMain] org.apache.catalina.core.StandardEngine            : Starting Servlet engine: [Apache Tomcat/10.1.13]
23:12:04.522 [  restartedMain] o.a.c.core.ContainerBase.[Tomcat].[localhost].[/]  : Initializing Spring embedded WebApplicationContext
23:12:04.522 [  restartedMain] o.s.b.w.s.c.ServletWebServerApplicationContext     : Root WebApplicationContext: initialization completed in 141 ms
23:12:04.836 [  restartedMain] o.s.b.d.autoconfigure.OptionalLiveReloadServer     : LiveReload server is running on port 35729
23:12:04.853 [  restartedMain] org.apache.coyote.http11.Http11NioProtocol         : Starting ProtocolHandler ["http-nio-8080"]
23:12:04.854 [  restartedMain] o.s.boot.web.embedded.tomcat.TomcatWebServer       : Tomcat started on port(s): 8080 (http) with context path ''
23:12:04.856 [  restartedMain] plus.lgx.ordermanager.OrderManagerApplication      : Started OrderManagerApplication in 0.493 seconds (process running for 18.931)
23:12:04.857 [  restartedMain] o.s.b.d.a.ConditionEvaluationDeltaLoggingListener  : Condition evaluation unchanged
23:12:08.894 [nio-8080-exec-1] o.a.c.core.ContainerBase.[Tomcat].[localhost].[/]  : Initializing Spring DispatcherServlet 'dispatcherServlet'
23:12:08.894 [nio-8080-exec-1] org.springframework.web.servlet.DispatcherServlet  : Initializing Servlet 'dispatcherServlet'
23:12:08.896 [nio-8080-exec-1] org.springframework.web.servlet.DispatcherServlet  : Completed initialization in 2 ms
23:14:07.374 [  restartedMain] plus.lgx.ordermanager.OrderManagerApplication      : Starting OrderManagerApplication using Java 17.0.8 with PID 69518 (/Users/lgx/Documents/Projects.localized/2024/java/order-manager/backend/target/classes started by lgx in /Users/lgx/Documents/Projects.localized/2024/java/order-manager/backend)
23:14:07.374 [  restartedMain] plus.lgx.ordermanager.OrderManagerApplication      : No active profile set, falling back to 1 default profile: "default"
23:14:07.395 [  restartedMain] o.s.b.d.env.DevToolsPropertyDefaultsPostProcessor  : Devtools property defaults active! Set 'spring.devtools.add-properties' to 'false' to disable
23:14:07.395 [  restartedMain] o.s.b.d.env.DevToolsPropertyDefaultsPostProcessor  : For additional web related logging consider setting the 'logging.level.web' property to 'DEBUG'
23:14:07.980 [  restartedMain] o.s.boot.web.embedded.tomcat.TomcatWebServer       : Tomcat initialized with port(s): 8080 (http)
23:14:07.985 [  restartedMain] org.apache.coyote.http11.Http11NioProtocol         : Initializing ProtocolHandler ["http-nio-8080"]
23:14:07.986 [  restartedMain] org.apache.catalina.core.StandardService           : Starting service [Tomcat]
23:14:07.986 [  restartedMain] org.apache.catalina.core.StandardEngine            : Starting Servlet engine: [Apache Tomcat/10.1.13]
23:14:08.013 [  restartedMain] o.a.c.core.ContainerBase.[Tomcat].[localhost].[/]  : Initializing Spring embedded WebApplicationContext
23:14:08.013 [  restartedMain] o.s.b.w.s.c.ServletWebServerApplicationContext     : Root WebApplicationContext: initialization completed in 618 ms
23:14:08.814 [  restartedMain] o.s.b.d.autoconfigure.OptionalLiveReloadServer     : LiveReload server is running on port 35729
23:14:08.837 [  restartedMain] org.apache.coyote.http11.Http11NioProtocol         : Starting ProtocolHandler ["http-nio-8080"]
23:14:08.844 [  restartedMain] o.s.boot.web.embedded.tomcat.TomcatWebServer       : Tomcat started on port(s): 8080 (http) with context path ''
23:14:08.849 [  restartedMain] plus.lgx.ordermanager.OrderManagerApplication      : Started OrderManagerApplication in 1.754 seconds (process running for 2.056)
23:14:20.406 [  restartedMain] plus.lgx.ordermanager.OrderManagerApplication      : Starting OrderManagerApplication using Java 17.0.8 with PID 69541 (/Users/lgx/Documents/Projects.localized/2024/java/order-manager/backend/target/classes started by lgx in /Users/lgx/Documents/Projects.localized/2024/java/order-manager/backend)
23:14:20.406 [  restartedMain] plus.lgx.ordermanager.OrderManagerApplication      : No active profile set, falling back to 1 default profile: "default"
23:14:20.427 [  restartedMain] o.s.b.d.env.DevToolsPropertyDefaultsPostProcessor  : Devtools property defaults active! Set 'spring.devtools.add-properties' to 'false' to disable
23:14:20.427 [  restartedMain] o.s.b.d.env.DevToolsPropertyDefaultsPostProcessor  : For additional web related logging consider setting the 'logging.level.web' property to 'DEBUG'
23:14:21.052 [  restartedMain] o.s.boot.web.embedded.tomcat.TomcatWebServer       : Tomcat initialized with port(s): 8080 (http)
23:14:21.055 [  restartedMain] org.apache.coyote.http11.Http11NioProtocol         : Initializing ProtocolHandler ["http-nio-8080"]
23:14:21.056 [  restartedMain] org.apache.catalina.core.StandardService           : Starting service [Tomcat]
23:14:21.056 [  restartedMain] org.apache.catalina.core.StandardEngine            : Starting Servlet engine: [Apache Tomcat/10.1.13]
23:14:21.080 [  restartedMain] o.a.c.core.ContainerBase.[Tomcat].[localhost].[/]  : Initializing Spring embedded WebApplicationContext
23:14:21.081 [  restartedMain] o.s.b.w.s.c.ServletWebServerApplicationContext     : Root WebApplicationContext: initialization completed in 654 ms
23:14:21.649 [  restartedMain] o.s.b.d.autoconfigure.OptionalLiveReloadServer     : LiveReload server is running on port 35729
23:14:21.671 [  restartedMain] org.apache.coyote.http11.Http11NioProtocol         : Starting ProtocolHandler ["http-nio-8080"]
23:14:21.678 [  restartedMain] o.s.boot.web.embedded.tomcat.TomcatWebServer       : Tomcat started on port(s): 8080 (http) with context path ''
23:14:21.684 [  restartedMain] plus.lgx.ordermanager.OrderManagerApplication      : Started OrderManagerApplication in 1.528 seconds (process running for 1.85)
23:20:12.394 [   File Watcher] tion$RestartingClassPathChangeChangedEventListener : Restarting due to 86 class path changes (0 additions, 73 deletions, 13 modifications)
23:20:12.461 [       Thread-5] org.apache.coyote.http11.Http11NioProtocol         : Pausing ProtocolHandler ["http-nio-8080"]
23:20:12.462 [       Thread-5] org.apache.catalina.core.StandardService           : Stopping service [Tomcat]
23:20:12.488 [       Thread-5] org.apache.coyote.http11.Http11NioProtocol         : Stopping ProtocolHandler ["http-nio-8080"]
23:20:12.492 [       Thread-5] org.apache.coyote.http11.Http11NioProtocol         : Destroying ProtocolHandler ["http-nio-8080"]
23:20:12.569 [  restartedMain] plus.lgx.ordermanager.OrderManagerApplication      : Starting OrderManagerApplication using Java 17.0.8 with PID 69541 (/Users/lgx/Documents/Projects.localized/2024/java/order-manager/backend/target/classes started by lgx in /Users/lgx/Documents/Projects.localized/2024/java/order-manager/backend)
23:20:12.569 [  restartedMain] plus.lgx.ordermanager.OrderManagerApplication      : No active profile set, falling back to 1 default profile: "default"
23:20:12.818 [  restartedMain] o.s.boot.web.embedded.tomcat.TomcatWebServer       : Tomcat initialized with port(s): 8080 (http)
23:20:12.818 [  restartedMain] org.apache.coyote.http11.Http11NioProtocol         : Initializing ProtocolHandler ["http-nio-8080"]
23:20:12.818 [  restartedMain] org.apache.catalina.core.StandardService           : Starting service [Tomcat]
23:20:12.818 [  restartedMain] org.apache.catalina.core.StandardEngine            : Starting Servlet engine: [Apache Tomcat/10.1.13]
23:20:12.823 [  restartedMain] o.a.c.core.ContainerBase.[Tomcat].[localhost].[/]  : Initializing Spring embedded WebApplicationContext
23:20:12.823 [  restartedMain] o.s.b.w.s.c.ServletWebServerApplicationContext     : Root WebApplicationContext: initialization completed in 252 ms
23:20:13.202 [  restartedMain] o.s.b.d.autoconfigure.OptionalLiveReloadServer     : LiveReload server is running on port 35729
23:20:13.221 [  restartedMain] org.apache.coyote.http11.Http11NioProtocol         : Starting ProtocolHandler ["http-nio-8080"]
23:20:13.226 [  restartedMain] o.s.boot.web.embedded.tomcat.TomcatWebServer       : Tomcat started on port(s): 8080 (http) with context path ''
23:20:13.229 [  restartedMain] plus.lgx.ordermanager.OrderManagerApplication      : Started OrderManagerApplication in 0.687 seconds (process running for 353.395)
23:20:13.230 [  restartedMain] o.s.b.d.a.ConditionEvaluationDeltaLoggingListener  : Condition evaluation unchanged
23:20:14.624 [   File Watcher] tion$RestartingClassPathChangeChangedEventListener : Restarting due to 73 class path changes (73 additions, 0 deletions, 0 modifications)
23:20:14.629 [       Thread-7] org.apache.coyote.http11.Http11NioProtocol         : Pausing ProtocolHandler ["http-nio-8080"]
23:20:14.630 [       Thread-7] org.apache.catalina.core.StandardService           : Stopping service [Tomcat]
23:20:14.632 [       Thread-7] org.apache.coyote.http11.Http11NioProtocol         : Stopping ProtocolHandler ["http-nio-8080"]
23:20:14.633 [       Thread-7] org.apache.coyote.http11.Http11NioProtocol         : Destroying ProtocolHandler ["http-nio-8080"]
23:20:14.691 [  restartedMain] plus.lgx.ordermanager.OrderManagerApplication      : Starting OrderManagerApplication using Java 17.0.8 with PID 69541 (/Users/lgx/Documents/Projects.localized/2024/java/order-manager/backend/target/classes started by lgx in /Users/lgx/Documents/Projects.localized/2024/java/order-manager/backend)
23:20:14.691 [  restartedMain] plus.lgx.ordermanager.OrderManagerApplication      : No active profile set, falling back to 1 default profile: "default"
23:20:14.817 [  restartedMain] o.s.boot.web.embedded.tomcat.TomcatWebServer       : Tomcat initialized with port(s): 8080 (http)
23:20:14.817 [  restartedMain] org.apache.coyote.http11.Http11NioProtocol         : Initializing ProtocolHandler ["http-nio-8080"]
23:20:14.818 [  restartedMain] org.apache.catalina.core.StandardService           : Starting service [Tomcat]
23:20:14.818 [  restartedMain] org.apache.catalina.core.StandardEngine            : Starting Servlet engine: [Apache Tomcat/10.1.13]
23:20:14.825 [  restartedMain] o.a.c.core.ContainerBase.[Tomcat].[localhost].[/]  : Initializing Spring embedded WebApplicationContext
23:20:14.825 [  restartedMain] o.s.b.w.s.c.ServletWebServerApplicationContext     : Root WebApplicationContext: initialization completed in 133 ms
23:20:15.200 [  restartedMain] o.s.b.d.autoconfigure.OptionalLiveReloadServer     : LiveReload server is running on port 35729
23:20:15.217 [  restartedMain] org.apache.coyote.http11.Http11NioProtocol         : Starting ProtocolHandler ["http-nio-8080"]
23:20:15.218 [  restartedMain] o.s.boot.web.embedded.tomcat.TomcatWebServer       : Tomcat started on port(s): 8080 (http) with context path ''
23:20:15.220 [  restartedMain] plus.lgx.ordermanager.OrderManagerApplication      : Started OrderManagerApplication in 0.545 seconds (process running for 355.387)
23:20:15.221 [  restartedMain] o.s.b.d.a.ConditionEvaluationDeltaLoggingListener  : Condition evaluation unchanged
23:27:30.455 [   File Watcher] tion$RestartingClassPathChangeChangedEventListener : Restarting due to 86 class path changes (0 additions, 0 deletions, 86 modifications)
23:27:30.515 [      Thread-11] org.apache.coyote.http11.Http11NioProtocol         : Pausing ProtocolHandler ["http-nio-8080"]
23:27:30.515 [      Thread-11] org.apache.catalina.core.StandardService           : Stopping service [Tomcat]
23:27:30.529 [      Thread-11] org.apache.coyote.http11.Http11NioProtocol         : Stopping ProtocolHandler ["http-nio-8080"]
23:27:30.531 [      Thread-11] org.apache.coyote.http11.Http11NioProtocol         : Destroying ProtocolHandler ["http-nio-8080"]
23:27:30.644 [  restartedMain] plus.lgx.ordermanager.OrderManagerApplication      : Starting OrderManagerApplication using Java 17.0.8 with PID 69541 (/Users/lgx/Documents/Projects.localized/2024/java/order-manager/backend/target/classes started by lgx in /Users/lgx/Documents/Projects.localized/2024/java/order-manager/backend)
23:27:30.644 [  restartedMain] plus.lgx.ordermanager.OrderManagerApplication      : No active profile set, falling back to 1 default profile: "default"
23:27:30.897 [  restartedMain] o.s.boot.web.embedded.tomcat.TomcatWebServer       : Tomcat initialized with port(s): 8080 (http)
23:27:30.897 [  restartedMain] org.apache.coyote.http11.Http11NioProtocol         : Initializing ProtocolHandler ["http-nio-8080"]
23:27:30.897 [  restartedMain] org.apache.catalina.core.StandardService           : Starting service [Tomcat]
23:27:30.897 [  restartedMain] org.apache.catalina.core.StandardEngine            : Starting Servlet engine: [Apache Tomcat/10.1.13]
23:27:30.903 [  restartedMain] o.a.c.core.ContainerBase.[Tomcat].[localhost].[/]  : Initializing Spring embedded WebApplicationContext
23:27:30.903 [  restartedMain] o.s.b.w.s.c.ServletWebServerApplicationContext     : Root WebApplicationContext: initialization completed in 258 ms
23:27:31.188 [  restartedMain] o.s.b.d.autoconfigure.OptionalLiveReloadServer     : LiveReload server is running on port 35729
23:27:31.207 [  restartedMain] org.apache.coyote.http11.Http11NioProtocol         : Starting ProtocolHandler ["http-nio-8080"]
23:27:31.208 [  restartedMain] o.s.boot.web.embedded.tomcat.TomcatWebServer       : Tomcat started on port(s): 8080 (http) with context path ''
23:27:31.210 [  restartedMain] plus.lgx.ordermanager.OrderManagerApplication      : Started OrderManagerApplication in 0.586 seconds (process running for 791.378)
23:27:31.211 [  restartedMain] o.s.b.d.a.ConditionEvaluationDeltaLoggingListener  : Condition evaluation unchanged
23:28:10.196 [  restartedMain] plus.lgx.ordermanager.OrderManagerApplication      : Starting OrderManagerApplication using Java 17.0.8 with PID 69741 (/Users/lgx/Documents/Projects.localized/2024/java/order-manager/backend/target/classes started by lgx in /Users/lgx/Documents/Projects.localized/2024/java/order-manager/backend)
23:28:10.197 [  restartedMain] plus.lgx.ordermanager.OrderManagerApplication      : No active profile set, falling back to 1 default profile: "default"
23:28:10.242 [  restartedMain] o.s.b.d.env.DevToolsPropertyDefaultsPostProcessor  : Devtools property defaults active! Set 'spring.devtools.add-properties' to 'false' to disable
23:28:10.243 [  restartedMain] o.s.b.d.env.DevToolsPropertyDefaultsPostProcessor  : For additional web related logging consider setting the 'logging.level.web' property to 'DEBUG'
23:28:11.258 [  restartedMain] o.s.boot.web.embedded.tomcat.TomcatWebServer       : Tomcat initialized with port 8080 (http)
23:28:11.262 [  restartedMain] org.apache.coyote.http11.Http11NioProtocol         : Initializing ProtocolHandler ["http-nio-8080"]
23:28:11.264 [  restartedMain] org.apache.catalina.core.StandardService           : Starting service [Tomcat]
23:28:11.264 [  restartedMain] org.apache.catalina.core.StandardEngine            : Starting Servlet engine: [Apache Tomcat/10.1.28]
23:28:11.284 [  restartedMain] o.a.c.core.ContainerBase.[Tomcat].[localhost].[/]  : Initializing Spring embedded WebApplicationContext
23:28:11.284 [  restartedMain] o.s.b.w.s.c.ServletWebServerApplicationContext     : Root WebApplicationContext: initialization completed in 1041 ms
23:28:11.986 [  restartedMain] o.s.b.d.autoconfigure.OptionalLiveReloadServer     : LiveReload server is running on port 35729
23:28:12.008 [  restartedMain] org.apache.coyote.http11.Http11NioProtocol         : Starting ProtocolHandler ["http-nio-8080"]
23:28:12.016 [  restartedMain] o.s.boot.web.embedded.tomcat.TomcatWebServer       : Tomcat started on port 8080 (http) with context path '/'
23:28:12.021 [  restartedMain] plus.lgx.ordermanager.OrderManagerApplication      : Started OrderManagerApplication in 2.285 seconds (process running for 2.775)
23:28:20.988 [nio-8080-exec-1] o.a.c.core.ContainerBase.[Tomcat].[localhost].[/]  : Initializing Spring DispatcherServlet 'dispatcherServlet'
23:28:20.989 [nio-8080-exec-1] org.springframework.web.servlet.DispatcherServlet  : Initializing Servlet 'dispatcherServlet'
23:28:20.992 [nio-8080-exec-1] org.springframework.web.servlet.DispatcherServlet  : Completed initialization in 3 ms
23:28:38.987 [  restartedMain] plus.lgx.ordermanager.OrderManagerApplication      : Starting OrderManagerApplication using Java 17.0.8 with PID 69749 (/Users/lgx/Documents/Projects.localized/2024/java/order-manager/backend/target/classes started by lgx in /Users/lgx/Documents/Projects.localized/2024/java/order-manager/backend)
23:28:38.989 [  restartedMain] plus.lgx.ordermanager.OrderManagerApplication      : No active profile set, falling back to 1 default profile: "default"
23:28:39.013 [  restartedMain] o.s.b.d.env.DevToolsPropertyDefaultsPostProcessor  : Devtools property defaults active! Set 'spring.devtools.add-properties' to 'false' to disable
23:28:39.013 [  restartedMain] o.s.b.d.env.DevToolsPropertyDefaultsPostProcessor  : For additional web related logging consider setting the 'logging.level.web' property to 'DEBUG'
23:28:39.570 [  restartedMain] o.s.boot.web.embedded.tomcat.TomcatWebServer       : Tomcat initialized with port 8080 (http)
23:28:39.574 [  restartedMain] org.apache.coyote.http11.Http11NioProtocol         : Initializing ProtocolHandler ["http-nio-8080"]
23:28:39.576 [  restartedMain] org.apache.catalina.core.StandardService           : Starting service [Tomcat]
23:28:39.576 [  restartedMain] org.apache.catalina.core.StandardEngine            : Starting Servlet engine: [Apache Tomcat/10.1.28]
23:28:39.601 [  restartedMain] o.a.c.core.ContainerBase.[Tomcat].[localhost].[/]  : Initializing Spring embedded WebApplicationContext
23:28:39.601 [  restartedMain] o.s.b.w.s.c.ServletWebServerApplicationContext     : Root WebApplicationContext: initialization completed in 588 ms
23:28:40.240 [  restartedMain] o.s.b.d.autoconfigure.OptionalLiveReloadServer     : LiveReload server is running on port 35729
23:28:40.261 [  restartedMain] org.apache.coyote.http11.Http11NioProtocol         : Starting ProtocolHandler ["http-nio-8080"]
23:28:40.268 [  restartedMain] o.s.boot.web.embedded.tomcat.TomcatWebServer       : Tomcat started on port 8080 (http) with context path '/'
23:28:40.274 [  restartedMain] plus.lgx.ordermanager.OrderManagerApplication      : Started OrderManagerApplication in 1.498 seconds (process running for 1.771)
23:28:43.828 [nio-8080-exec-1] o.a.c.core.ContainerBase.[Tomcat].[localhost].[/]  : Initializing Spring DispatcherServlet 'dispatcherServlet'
23:28:43.829 [nio-8080-exec-1] org.springframework.web.servlet.DispatcherServlet  : Initializing Servlet 'dispatcherServlet'
23:28:43.832 [nio-8080-exec-1] org.springframework.web.servlet.DispatcherServlet  : Completed initialization in 3 ms
23:30:06.318 [  restartedMain] plus.lgx.ordermanager.OrderManagerApplication      : Starting OrderManagerApplication using Java 17.0.8 with PID 69794 (/Users/lgx/Documents/Projects.localized/2024/java/order-manager/backend/target/classes started by lgx in /Users/lgx/Documents/Projects.localized/2024/java/order-manager/backend)
23:30:06.319 [  restartedMain] plus.lgx.ordermanager.OrderManagerApplication      : No active profile set, falling back to 1 default profile: "default"
23:30:06.336 [  restartedMain] o.s.b.d.env.DevToolsPropertyDefaultsPostProcessor  : Devtools property defaults active! Set 'spring.devtools.add-properties' to 'false' to disable
23:30:06.337 [  restartedMain] o.s.b.d.env.DevToolsPropertyDefaultsPostProcessor  : For additional web related logging consider setting the 'logging.level.web' property to 'DEBUG'
23:30:06.898 [  restartedMain] o.s.boot.web.embedded.tomcat.TomcatWebServer       : Tomcat initialized with port 8080 (http)
23:30:06.904 [  restartedMain] org.apache.coyote.http11.Http11NioProtocol         : Initializing ProtocolHandler ["http-nio-8080"]
23:30:06.906 [  restartedMain] org.apache.catalina.core.StandardService           : Starting service [Tomcat]
23:30:06.907 [  restartedMain] org.apache.catalina.core.StandardEngine            : Starting Servlet engine: [Apache Tomcat/10.1.28]
23:30:06.924 [  restartedMain] o.a.c.core.ContainerBase.[Tomcat].[localhost].[/]  : Initializing Spring embedded WebApplicationContext
23:30:06.924 [  restartedMain] o.s.b.w.s.c.ServletWebServerApplicationContext     : Root WebApplicationContext: initialization completed in 587 ms
23:30:07.580 [  restartedMain] o.s.b.d.autoconfigure.OptionalLiveReloadServer     : LiveReload server is running on port 35729
23:30:07.603 [  restartedMain] org.apache.coyote.http11.Http11NioProtocol         : Starting ProtocolHandler ["http-nio-8080"]
23:30:07.612 [  restartedMain] o.s.boot.web.embedded.tomcat.TomcatWebServer       : Tomcat started on port 8080 (http) with context path '/'
23:30:07.618 [  restartedMain] plus.lgx.ordermanager.OrderManagerApplication      : Started OrderManagerApplication in 1.547 seconds (process running for 1.858)
23:30:20.172 [nio-8080-exec-1] o.a.c.core.ContainerBase.[Tomcat].[localhost].[/]  : Initializing Spring DispatcherServlet 'dispatcherServlet'
23:30:20.173 [nio-8080-exec-1] org.springframework.web.servlet.DispatcherServlet  : Initializing Servlet 'dispatcherServlet'
23:30:20.176 [nio-8080-exec-1] org.springframework.web.servlet.DispatcherServlet  : Completed initialization in 2 ms
23:30:58.407 [  restartedMain] plus.lgx.ordermanager.OrderManagerApplication      : Starting OrderManagerApplication using Java 17.0.8 with PID 69818 (/Users/lgx/Documents/Projects.localized/2024/java/order-manager/backend/target/classes started by lgx in /Users/lgx/Documents/Projects.localized/2024/java/order-manager/backend)
23:30:58.408 [  restartedMain] plus.lgx.ordermanager.OrderManagerApplication      : No active profile set, falling back to 1 default profile: "default"
23:30:58.426 [  restartedMain] o.s.b.d.env.DevToolsPropertyDefaultsPostProcessor  : Devtools property defaults active! Set 'spring.devtools.add-properties' to 'false' to disable
23:30:58.426 [  restartedMain] o.s.b.d.env.DevToolsPropertyDefaultsPostProcessor  : For additional web related logging consider setting the 'logging.level.web' property to 'DEBUG'
23:30:59.014 [  restartedMain] o.s.boot.web.embedded.tomcat.TomcatWebServer       : Tomcat initialized with port 8080 (http)
23:30:59.019 [  restartedMain] org.apache.coyote.http11.Http11NioProtocol         : Initializing ProtocolHandler ["http-nio-8080"]
23:30:59.021 [  restartedMain] org.apache.catalina.core.StandardService           : Starting service [Tomcat]
23:30:59.021 [  restartedMain] org.apache.catalina.core.StandardEngine            : Starting Servlet engine: [Apache Tomcat/10.1.28]
23:30:59.038 [  restartedMain] o.a.c.core.ContainerBase.[Tomcat].[localhost].[/]  : Initializing Spring embedded WebApplicationContext
23:30:59.038 [  restartedMain] o.s.b.w.s.c.ServletWebServerApplicationContext     : Root WebApplicationContext: initialization completed in 612 ms
23:31:00.108 [  restartedMain] o.s.b.d.autoconfigure.OptionalLiveReloadServer     : LiveReload server is running on port 35729
23:31:00.136 [  restartedMain] org.apache.coyote.http11.Http11NioProtocol         : Starting ProtocolHandler ["http-nio-8080"]
23:31:00.145 [  restartedMain] o.s.boot.web.embedded.tomcat.TomcatWebServer       : Tomcat started on port 8080 (http) with context path '/'
23:31:00.153 [  restartedMain] plus.lgx.ordermanager.OrderManagerApplication      : Started OrderManagerApplication in 2.039 seconds (process running for 2.359)
23:31:19.327 [nio-8080-exec-2] o.a.c.core.ContainerBase.[Tomcat].[localhost].[/]  : Initializing Spring DispatcherServlet 'dispatcherServlet'
23:31:19.328 [nio-8080-exec-2] org.springframework.web.servlet.DispatcherServlet  : Initializing Servlet 'dispatcherServlet'
23:31:19.331 [nio-8080-exec-2] org.springframework.web.servlet.DispatcherServlet  : Completed initialization in 3 ms
23:31:19.392 [nio-8080-exec-2] com.zaxxer.hikari.HikariDataSource                 : HikariPool-1 - Starting...
23:31:19.625 [nio-8080-exec-2] com.zaxxer.hikari.pool.HikariPool                  : HikariPool-1 - Added connection com.mysql.cj.jdbc.ConnectionImpl@34307cf8
23:31:19.626 [nio-8080-exec-2] com.zaxxer.hikari.HikariDataSource                 : HikariPool-1 - Start completed.
23:32:53.496 [ionShutdownHook] com.zaxxer.hikari.HikariDataSource                 : HikariPool-1 - Shutdown initiated...
23:32:53.510 [ionShutdownHook] com.zaxxer.hikari.HikariDataSource                 : HikariPool-1 - Shutdown completed.
23:32:55.568 [  restartedMain] plus.lgx.ordermanager.OrderManagerApplication      : Starting OrderManagerApplication using Java 17.0.8 with PID 69841 (/Users/lgx/Documents/Projects.localized/2024/java/order-manager/backend/target/classes started by lgx in /Users/lgx/Documents/Projects.localized/2024/java/order-manager/backend)
23:32:55.569 [  restartedMain] plus.lgx.ordermanager.OrderManagerApplication      : No active profile set, falling back to 1 default profile: "default"
23:32:55.586 [  restartedMain] o.s.b.d.env.DevToolsPropertyDefaultsPostProcessor  : Devtools property defaults active! Set 'spring.devtools.add-properties' to 'false' to disable
23:32:55.586 [  restartedMain] o.s.b.d.env.DevToolsPropertyDefaultsPostProcessor  : For additional web related logging consider setting the 'logging.level.web' property to 'DEBUG'
23:32:56.126 [  restartedMain] o.s.boot.web.embedded.tomcat.TomcatWebServer       : Tomcat initialized with port 8080 (http)
23:32:56.130 [  restartedMain] org.apache.coyote.http11.Http11NioProtocol         : Initializing ProtocolHandler ["http-nio-8080"]
23:32:56.131 [  restartedMain] org.apache.catalina.core.StandardService           : Starting service [Tomcat]
23:32:56.132 [  restartedMain] org.apache.catalina.core.StandardEngine            : Starting Servlet engine: [Apache Tomcat/10.1.28]
23:32:56.148 [  restartedMain] o.a.c.core.ContainerBase.[Tomcat].[localhost].[/]  : Initializing Spring embedded WebApplicationContext
23:32:56.148 [  restartedMain] o.s.b.w.s.c.ServletWebServerApplicationContext     : Root WebApplicationContext: initialization completed in 561 ms
23:32:56.762 [  restartedMain] o.s.b.d.autoconfigure.OptionalLiveReloadServer     : LiveReload server is running on port 35729
23:32:56.777 [  restartedMain] org.apache.coyote.http11.Http11NioProtocol         : Starting ProtocolHandler ["http-nio-8080"]
23:32:56.784 [  restartedMain] o.s.boot.web.embedded.tomcat.TomcatWebServer       : Tomcat started on port 8080 (http) with context path '/'
23:32:56.790 [  restartedMain] plus.lgx.ordermanager.OrderManagerApplication      : Started OrderManagerApplication in 1.457 seconds (process running for 1.712)
23:33:05.220 [nio-8080-exec-1] o.a.c.core.ContainerBase.[Tomcat].[localhost].[/]  : Initializing Spring DispatcherServlet 'dispatcherServlet'
23:33:05.220 [nio-8080-exec-1] org.springframework.web.servlet.DispatcherServlet  : Initializing Servlet 'dispatcherServlet'
23:33:05.223 [nio-8080-exec-1] org.springframework.web.servlet.DispatcherServlet  : Completed initialization in 2 ms
23:33:05.278 [nio-8080-exec-1] com.zaxxer.hikari.HikariDataSource                 : HikariPool-1 - Starting...
23:33:05.412 [nio-8080-exec-1] com.zaxxer.hikari.pool.HikariPool                  : HikariPool-1 - Added connection com.mysql.cj.jdbc.ConnectionImpl@3a734b4f
23:33:05.413 [nio-8080-exec-1] com.zaxxer.hikari.HikariDataSource                 : HikariPool-1 - Start completed.
23:33:30.271 [ionShutdownHook] com.zaxxer.hikari.HikariDataSource                 : HikariPool-1 - Shutdown initiated...
23:33:30.281 [ionShutdownHook] com.zaxxer.hikari.HikariDataSource                 : HikariPool-1 - Shutdown completed.
23:33:32.117 [  restartedMain] plus.lgx.ordermanager.OrderManagerApplication      : Starting OrderManagerApplication using Java 17.0.8 with PID 69851 (/Users/lgx/Documents/Projects.localized/2024/java/order-manager/backend/target/classes started by lgx in /Users/lgx/Documents/Projects.localized/2024/java/order-manager/backend)
23:33:32.118 [  restartedMain] plus.lgx.ordermanager.OrderManagerApplication      : No active profile set, falling back to 1 default profile: "default"
23:33:32.140 [  restartedMain] o.s.b.d.env.DevToolsPropertyDefaultsPostProcessor  : Devtools property defaults active! Set 'spring.devtools.add-properties' to 'false' to disable
23:33:32.140 [  restartedMain] o.s.b.d.env.DevToolsPropertyDefaultsPostProcessor  : For additional web related logging consider setting the 'logging.level.web' property to 'DEBUG'
23:33:32.678 [  restartedMain] o.s.boot.web.embedded.tomcat.TomcatWebServer       : Tomcat initialized with port 8080 (http)
23:33:32.681 [  restartedMain] org.apache.coyote.http11.Http11NioProtocol         : Initializing ProtocolHandler ["http-nio-8080"]
23:33:32.683 [  restartedMain] org.apache.catalina.core.StandardService           : Starting service [Tomcat]
23:33:32.683 [  restartedMain] org.apache.catalina.core.StandardEngine            : Starting Servlet engine: [Apache Tomcat/10.1.28]
23:33:32.700 [  restartedMain] o.a.c.core.ContainerBase.[Tomcat].[localhost].[/]  : Initializing Spring embedded WebApplicationContext
23:33:32.701 [  restartedMain] o.s.b.w.s.c.ServletWebServerApplicationContext     : Root WebApplicationContext: initialization completed in 560 ms
23:33:33.335 [  restartedMain] o.s.b.d.autoconfigure.OptionalLiveReloadServer     : LiveReload server is running on port 35729
23:33:33.349 [  restartedMain] org.apache.coyote.http11.Http11NioProtocol         : Starting ProtocolHandler ["http-nio-8080"]
23:33:33.356 [  restartedMain] o.s.boot.web.embedded.tomcat.TomcatWebServer       : Tomcat started on port 8080 (http) with context path '/'
23:33:33.361 [  restartedMain] plus.lgx.ordermanager.OrderManagerApplication      : Started OrderManagerApplication in 1.496 seconds (process running for 1.719)
23:33:38.833 [nio-8080-exec-1] o.a.c.core.ContainerBase.[Tomcat].[localhost].[/]  : Initializing Spring DispatcherServlet 'dispatcherServlet'
23:33:38.834 [nio-8080-exec-1] org.springframework.web.servlet.DispatcherServlet  : Initializing Servlet 'dispatcherServlet'
23:33:38.837 [nio-8080-exec-1] org.springframework.web.servlet.DispatcherServlet  : Completed initialization in 3 ms
23:33:38.893 [nio-8080-exec-1] com.zaxxer.hikari.HikariDataSource                 : HikariPool-1 - Starting...
23:33:39.021 [nio-8080-exec-1] com.zaxxer.hikari.pool.HikariPool                  : HikariPool-1 - Added connection com.mysql.cj.jdbc.ConnectionImpl@269d2435
23:33:39.022 [nio-8080-exec-1] com.zaxxer.hikari.HikariDataSource                 : HikariPool-1 - Start completed.
23:35:04.971 [ionShutdownHook] com.zaxxer.hikari.HikariDataSource                 : HikariPool-1 - Shutdown initiated...
23:35:04.981 [ionShutdownHook] com.zaxxer.hikari.HikariDataSource                 : HikariPool-1 - Shutdown completed.
23:35:07.496 [  restartedMain] plus.lgx.ordermanager.OrderManagerApplication      : Starting OrderManagerApplication using Java 17.0.8 with PID 69876 (/Users/lgx/Documents/Projects.localized/2024/java/order-manager/backend/target/classes started by lgx in /Users/lgx/Documents/Projects.localized/2024/java/order-manager/backend)
23:35:07.497 [  restartedMain] plus.lgx.ordermanager.OrderManagerApplication      : No active profile set, falling back to 1 default profile: "default"
23:35:07.514 [  restartedMain] o.s.b.d.env.DevToolsPropertyDefaultsPostProcessor  : Devtools property defaults active! Set 'spring.devtools.add-properties' to 'false' to disable
23:35:07.514 [  restartedMain] o.s.b.d.env.DevToolsPropertyDefaultsPostProcessor  : For additional web related logging consider setting the 'logging.level.web' property to 'DEBUG'
23:35:08.045 [  restartedMain] o.s.boot.web.embedded.tomcat.TomcatWebServer       : Tomcat initialized with port 8080 (http)
23:35:08.051 [  restartedMain] org.apache.coyote.http11.Http11NioProtocol         : Initializing ProtocolHandler ["http-nio-8080"]
23:35:08.053 [  restartedMain] org.apache.catalina.core.StandardService           : Starting service [Tomcat]
23:35:08.053 [  restartedMain] org.apache.catalina.core.StandardEngine            : Starting Servlet engine: [Apache Tomcat/10.1.28]
23:35:08.069 [  restartedMain] o.a.c.core.ContainerBase.[Tomcat].[localhost].[/]  : Initializing Spring embedded WebApplicationContext
23:35:08.069 [  restartedMain] o.s.b.w.s.c.ServletWebServerApplicationContext     : Root WebApplicationContext: initialization completed in 554 ms
23:35:08.697 [  restartedMain] o.s.b.d.autoconfigure.OptionalLiveReloadServer     : LiveReload server is running on port 35729
23:35:08.713 [  restartedMain] org.apache.coyote.http11.Http11NioProtocol         : Starting ProtocolHandler ["http-nio-8080"]
23:35:08.720 [  restartedMain] o.s.boot.web.embedded.tomcat.TomcatWebServer       : Tomcat started on port 8080 (http) with context path '/'
23:35:08.725 [  restartedMain] plus.lgx.ordermanager.OrderManagerApplication      : Started OrderManagerApplication in 1.452 seconds (process running for 1.707)
23:35:09.480 [nio-8080-exec-1] o.a.c.core.ContainerBase.[Tomcat].[localhost].[/]  : Initializing Spring DispatcherServlet 'dispatcherServlet'
23:35:09.481 [nio-8080-exec-1] org.springframework.web.servlet.DispatcherServlet  : Initializing Servlet 'dispatcherServlet'
23:35:09.482 [nio-8080-exec-1] org.springframework.web.servlet.DispatcherServlet  : Completed initialization in 1 ms
23:35:09.529 [nio-8080-exec-1] com.zaxxer.hikari.HikariDataSource                 : HikariPool-1 - Starting...
23:35:09.657 [nio-8080-exec-1] com.zaxxer.hikari.pool.HikariPool                  : HikariPool-1 - Added connection com.mysql.cj.jdbc.ConnectionImpl@2e2bb4de
23:35:09.658 [nio-8080-exec-1] com.zaxxer.hikari.HikariDataSource                 : HikariPool-1 - Start completed.
23:36:20.347 [   File Watcher] tion$RestartingClassPathChangeChangedEventListener : Restarting due to 1 class path change (0 additions, 0 deletions, 1 modification)
23:36:20.375 [       Thread-5] org.apache.coyote.http11.Http11NioProtocol         : Stopping ProtocolHandler ["http-nio-8080"]
23:36:20.383 [       Thread-5] com.zaxxer.hikari.HikariDataSource                 : HikariPool-1 - Shutdown initiated...
23:36:20.390 [       Thread-5] com.zaxxer.hikari.HikariDataSource                 : HikariPool-1 - Shutdown completed.
23:36:20.514 [  restartedMain] plus.lgx.ordermanager.OrderManagerApplication      : Starting OrderManagerApplication using Java 17.0.8 with PID 69876 (/Users/lgx/Documents/Projects.localized/2024/java/order-manager/backend/target/classes started by lgx in /Users/lgx/Documents/Projects.localized/2024/java/order-manager/backend)
23:36:20.514 [  restartedMain] plus.lgx.ordermanager.OrderManagerApplication      : No active profile set, falling back to 1 default profile: "default"
23:36:20.720 [  restartedMain] o.s.boot.web.embedded.tomcat.TomcatWebServer       : Tomcat initialized with port 8080 (http)
23:36:20.721 [  restartedMain] org.apache.coyote.http11.Http11NioProtocol         : Initializing ProtocolHandler ["http-nio-8080"]
23:36:20.721 [  restartedMain] org.apache.catalina.core.StandardService           : Starting service [Tomcat]
23:36:20.721 [  restartedMain] org.apache.catalina.core.StandardEngine            : Starting Servlet engine: [Apache Tomcat/10.1.28]
23:36:20.725 [  restartedMain] o.a.c.core.ContainerBase.[Tomcat].[localhost].[/]  : Initializing Spring embedded WebApplicationContext
23:36:20.725 [  restartedMain] o.s.b.w.s.c.ServletWebServerApplicationContext     : Root WebApplicationContext: initialization completed in 210 ms
23:36:21.094 [  restartedMain] o.s.b.d.autoconfigure.OptionalLiveReloadServer     : LiveReload server is running on port 35729
23:36:21.106 [  restartedMain] org.apache.coyote.http11.Http11NioProtocol         : Starting ProtocolHandler ["http-nio-8080"]
23:36:21.109 [  restartedMain] o.s.boot.web.embedded.tomcat.TomcatWebServer       : Tomcat started on port 8080 (http) with context path '/'
23:36:21.111 [  restartedMain] plus.lgx.ordermanager.OrderManagerApplication      : Started OrderManagerApplication in 0.63 seconds (process running for 74.093)
23:36:21.112 [  restartedMain] o.s.b.d.a.ConditionEvaluationDeltaLoggingListener  : Condition evaluation unchanged
23:36:25.525 [nio-8080-exec-1] o.a.c.core.ContainerBase.[Tomcat].[localhost].[/]  : Initializing Spring DispatcherServlet 'dispatcherServlet'
23:36:25.526 [nio-8080-exec-1] org.springframework.web.servlet.DispatcherServlet  : Initializing Servlet 'dispatcherServlet'
23:36:25.528 [nio-8080-exec-1] org.springframework.web.servlet.DispatcherServlet  : Completed initialization in 2 ms
23:36:25.542 [nio-8080-exec-1] com.zaxxer.hikari.HikariDataSource                 : HikariPool-2 - Starting...
23:36:25.560 [nio-8080-exec-1] com.zaxxer.hikari.pool.HikariPool                  : HikariPool-2 - Added connection com.mysql.cj.jdbc.ConnectionImpl@aeb7ef2
23:36:25.560 [nio-8080-exec-1] com.zaxxer.hikari.HikariDataSource                 : HikariPool-2 - Start completed.
23:38:09.316 [ionShutdownHook] com.zaxxer.hikari.HikariDataSource                 : HikariPool-2 - Shutdown initiated...
23:38:09.341 [ionShutdownHook] com.zaxxer.hikari.HikariDataSource                 : HikariPool-2 - Shutdown completed.
