22:18:26.639 [  restartedMain] AnnotationConfigServletWebServerApplicationContext : Exception encountered during context initialization - cancelling refresh attempt: org.springframework.beans.factory.BeanDefinitionStoreException: Invalid bean definition with name 'adminMapper' defined in file [/Users/lgx/Documents/Projects.localized/2024/java/order-manager/backend/target/classes/plus/lgx/ordermanager/mapper/AdminMapper.class]: Invalid value type for attribute 'factoryBeanObjectType': java.lang.String
22:24:00.443 [  restartedMain] c.b.mybatisplus.core.metadata.TableInfoHelper      : Can not find table primary key in Class: "plus.lgx.ordermanager.entity.pojo.RolePermission".
22:24:00.443 [  restartedMain] c.b.mybatisplus.core.injector.DefaultSqlInjector   : class plus.lgx.ordermanager.entity.pojo.RolePermission ,Not found @TableId annotation, Cannot use Mybatis-Plus 'xxById' Method.
22:24:00.471 [  restartedMain] c.b.mybatisplus.core.metadata.TableInfoHelper      : Can not find table primary key in Class: "plus.lgx.ordermanager.entity.pojo.UserRole".
22:24:00.471 [  restartedMain] c.b.mybatisplus.core.injector.DefaultSqlInjector   : class plus.lgx.ordermanager.entity.pojo.UserRole ,Not found @TableId annotation, Cannot use Mybatis-Plus 'xxById' Method.
22:24:00.847 [  restartedMain] AnnotationConfigServletWebServerApplicationContext : Exception encountered during context initialization - cancelling refresh attempt: org.springframework.beans.factory.BeanCreationException: Error creating bean with name 'com.github.pagehelper.autoconfigure.PageHelperAutoConfiguration': net/sf/jsqlparser/statement/select/SelectBody
22:28:01.561 [  restartedMain] c.b.mybatisplus.core.metadata.TableInfoHelper      : Can not find table primary key in Class: "plus.lgx.ordermanager.entity.pojo.RolePermission".
22:28:01.588 [  restartedMain] c.b.mybatisplus.core.injector.DefaultSqlInjector   : class plus.lgx.ordermanager.entity.pojo.RolePermission ,Not found @TableId annotation, Cannot use Mybatis-Plus 'xxById' Method.
22:28:01.681 [  restartedMain] c.b.mybatisplus.core.metadata.TableInfoHelper      : Can not find table primary key in Class: "plus.lgx.ordermanager.entity.pojo.UserRole".
22:28:01.681 [  restartedMain] c.b.mybatisplus.core.injector.DefaultSqlInjector   : class plus.lgx.ordermanager.entity.pojo.UserRole ,Not found @TableId annotation, Cannot use Mybatis-Plus 'xxById' Method.
22:28:02.296 [  restartedMain] AnnotationConfigServletWebServerApplicationContext : Exception encountered during context initialization - cancelling refresh attempt: org.springframework.beans.factory.BeanCreationException: Error creating bean with name 'com.github.pagehelper.autoconfigure.PageHelperAutoConfiguration': net/sf/jsqlparser/statement/select/SelectBody
22:30:30.664 [  restartedMain] c.b.mybatisplus.core.metadata.TableInfoHelper      : Can not find table primary key in Class: "plus.lgx.ordermanager.entity.pojo.RolePermission".
22:30:30.664 [  restartedMain] c.b.mybatisplus.core.injector.DefaultSqlInjector   : class plus.lgx.ordermanager.entity.pojo.RolePermission ,Not found @TableId annotation, Cannot use Mybatis-Plus 'xxById' Method.
22:30:30.694 [  restartedMain] c.b.mybatisplus.core.metadata.TableInfoHelper      : Can not find table primary key in Class: "plus.lgx.ordermanager.entity.pojo.UserRole".
22:30:30.694 [  restartedMain] c.b.mybatisplus.core.injector.DefaultSqlInjector   : class plus.lgx.ordermanager.entity.pojo.UserRole ,Not found @TableId annotation, Cannot use Mybatis-Plus 'xxById' Method.
22:30:31.073 [  restartedMain] AnnotationConfigServletWebServerApplicationContext : Exception encountered during context initialization - cancelling refresh attempt: org.springframework.beans.factory.BeanCreationException: Error creating bean with name 'com.github.pagehelper.autoconfigure.PageHelperAutoConfiguration': net/sf/jsqlparser/statement/select/SelectBody
22:33:00.836 [  restartedMain] c.b.mybatisplus.core.metadata.TableInfoHelper      : Can not find table primary key in Class: "plus.lgx.ordermanager.entity.pojo.RolePermission".
22:33:00.836 [  restartedMain] c.b.mybatisplus.core.injector.DefaultSqlInjector   : class plus.lgx.ordermanager.entity.pojo.RolePermission ,Not found @TableId annotation, Cannot use Mybatis-Plus 'xxById' Method.
22:33:00.865 [  restartedMain] c.b.mybatisplus.core.metadata.TableInfoHelper      : Can not find table primary key in Class: "plus.lgx.ordermanager.entity.pojo.UserRole".
22:33:00.865 [  restartedMain] c.b.mybatisplus.core.injector.DefaultSqlInjector   : class plus.lgx.ordermanager.entity.pojo.UserRole ,Not found @TableId annotation, Cannot use Mybatis-Plus 'xxById' Method.
22:40:54.906 [  restartedMain] c.b.mybatisplus.core.metadata.TableInfoHelper      : Can not find table primary key in Class: "plus.lgx.ordermanager.entity.pojo.RolePermission".
22:40:54.907 [  restartedMain] c.b.mybatisplus.core.injector.DefaultSqlInjector   : class plus.lgx.ordermanager.entity.pojo.RolePermission ,Not found @TableId annotation, Cannot use Mybatis-Plus 'xxById' Method.
22:40:54.930 [  restartedMain] c.b.mybatisplus.core.metadata.TableInfoHelper      : Can not find table primary key in Class: "plus.lgx.ordermanager.entity.pojo.UserRole".
22:40:54.930 [  restartedMain] c.b.mybatisplus.core.injector.DefaultSqlInjector   : class plus.lgx.ordermanager.entity.pojo.UserRole ,Not found @TableId annotation, Cannot use Mybatis-Plus 'xxById' Method.
22:41:08.456 [nio-8080-exec-2] o.s.w.s.m.support.DefaultHandlerExceptionResolver  : Resolved [org.springframework.web.HttpRequestMethodNotSupportedException: Request method 'GET' is not supported]
22:49:12.815 [  restartedMain] AnnotationConfigServletWebServerApplicationContext : Exception encountered during context initialization - cancelling refresh attempt: org.springframework.beans.factory.BeanCreationException: Error creating bean with name 'loginController': Injection of resource dependencies failed
22:52:34.114 [  restartedMain] AnnotationConfigServletWebServerApplicationContext : Exception encountered during context initialization - cancelling refresh attempt: org.springframework.beans.factory.BeanCreationException: Error creating bean with name 'loginController': Injection of resource dependencies failed
22:53:23.528 [  restartedMain] c.b.mybatisplus.core.metadata.TableInfoHelper      : Can not find table primary key in Class: "plus.lgx.ordermanager.entity.pojo.RolePermission".
22:53:23.528 [  restartedMain] c.b.mybatisplus.core.injector.DefaultSqlInjector   : class plus.lgx.ordermanager.entity.pojo.RolePermission ,Not found @TableId annotation, Cannot use Mybatis-Plus 'xxById' Method.
22:53:23.558 [  restartedMain] c.b.mybatisplus.core.metadata.TableInfoHelper      : Can not find table primary key in Class: "plus.lgx.ordermanager.entity.pojo.UserRole".
22:53:23.558 [  restartedMain] c.b.mybatisplus.core.injector.DefaultSqlInjector   : class plus.lgx.ordermanager.entity.pojo.UserRole ,Not found @TableId annotation, Cannot use Mybatis-Plus 'xxById' Method.
22:54:55.087 [  restartedMain] c.b.mybatisplus.core.metadata.TableInfoHelper      : Can not find table primary key in Class: "plus.lgx.ordermanager.entity.pojo.RolePermission".
22:54:55.087 [  restartedMain] c.b.mybatisplus.core.injector.DefaultSqlInjector   : class plus.lgx.ordermanager.entity.pojo.RolePermission ,Not found @TableId annotation, Cannot use Mybatis-Plus 'xxById' Method.
22:54:55.109 [  restartedMain] c.b.mybatisplus.core.metadata.TableInfoHelper      : Can not find table primary key in Class: "plus.lgx.ordermanager.entity.pojo.UserRole".
22:54:55.109 [  restartedMain] c.b.mybatisplus.core.injector.DefaultSqlInjector   : class plus.lgx.ordermanager.entity.pojo.UserRole ,Not found @TableId annotation, Cannot use Mybatis-Plus 'xxById' Method.
22:54:57.038 [  restartedMain] c.b.mybatisplus.core.metadata.TableInfoHelper      : Can not find table primary key in Class: "plus.lgx.ordermanager.entity.pojo.RolePermission".
22:54:57.038 [  restartedMain] c.b.mybatisplus.core.injector.DefaultSqlInjector   : class plus.lgx.ordermanager.entity.pojo.RolePermission ,Not found @TableId annotation, Cannot use Mybatis-Plus 'xxById' Method.
22:54:57.051 [  restartedMain] c.b.mybatisplus.core.metadata.TableInfoHelper      : Can not find table primary key in Class: "plus.lgx.ordermanager.entity.pojo.UserRole".
22:54:57.051 [  restartedMain] c.b.mybatisplus.core.injector.DefaultSqlInjector   : class plus.lgx.ordermanager.entity.pojo.UserRole ,Not found @TableId annotation, Cannot use Mybatis-Plus 'xxById' Method.
22:56:47.553 [  restartedMain] AnnotationConfigServletWebServerApplicationContext : Exception encountered during context initialization - cancelling refresh attempt: org.springframework.beans.factory.BeanCreationException: Error creating bean with name 'loginController': Injection of resource dependencies failed
23:10:32.797 [  restartedMain] c.b.mybatisplus.core.injector.DefaultSqlInjector   : class plus.lgx.ordermanager.entity.pojo.RolePermission ,Not found @TableId annotation, Cannot use Mybatis-Plus 'xxById' Method.
23:10:32.824 [  restartedMain] c.b.mybatisplus.core.injector.DefaultSqlInjector   : class plus.lgx.ordermanager.entity.pojo.UserRole ,Not found @TableId annotation, Cannot use Mybatis-Plus 'xxById' Method.
23:11:47.244 [  restartedMain] c.b.mybatisplus.core.injector.DefaultSqlInjector   : class plus.lgx.ordermanager.entity.pojo.RolePermission ,Not found @TableId annotation, Cannot use Mybatis-Plus 'xxById' Method.
23:11:47.268 [  restartedMain] c.b.mybatisplus.core.injector.DefaultSqlInjector   : class plus.lgx.ordermanager.entity.pojo.UserRole ,Not found @TableId annotation, Cannot use Mybatis-Plus 'xxById' Method.
23:14:08.247 [  restartedMain] c.b.mybatisplus.core.metadata.TableInfoHelper      : Can not find table primary key in Class: "plus.lgx.ordermanager.entity.pojo.RolePermission".
23:14:08.248 [  restartedMain] c.b.mybatisplus.core.injector.DefaultSqlInjector   : class plus.lgx.ordermanager.entity.pojo.RolePermission ,Not found @TableId annotation, Cannot use Mybatis-Plus 'xxById' Method.
23:14:08.272 [  restartedMain] c.b.mybatisplus.core.metadata.TableInfoHelper      : Can not find table primary key in Class: "plus.lgx.ordermanager.entity.pojo.UserRole".
23:14:08.273 [  restartedMain] c.b.mybatisplus.core.injector.DefaultSqlInjector   : class plus.lgx.ordermanager.entity.pojo.UserRole ,Not found @TableId annotation, Cannot use Mybatis-Plus 'xxById' Method.
23:14:21.246 [  restartedMain] c.b.mybatisplus.core.metadata.TableInfoHelper      : Can not find table primary key in Class: "plus.lgx.ordermanager.entity.pojo.RolePermission".
23:14:21.246 [  restartedMain] c.b.mybatisplus.core.injector.DefaultSqlInjector   : class plus.lgx.ordermanager.entity.pojo.RolePermission ,Not found @TableId annotation, Cannot use Mybatis-Plus 'xxById' Method.
23:14:21.266 [  restartedMain] c.b.mybatisplus.core.metadata.TableInfoHelper      : Can not find table primary key in Class: "plus.lgx.ordermanager.entity.pojo.UserRole".
23:14:21.266 [  restartedMain] c.b.mybatisplus.core.injector.DefaultSqlInjector   : class plus.lgx.ordermanager.entity.pojo.UserRole ,Not found @TableId annotation, Cannot use Mybatis-Plus 'xxById' Method.
23:20:13.054 [  restartedMain] c.b.mybatisplus.core.metadata.TableInfoHelper      : Can not find table primary key in Class: "plus.lgx.ordermanager.entity.pojo.RolePermission".
23:20:13.055 [  restartedMain] c.b.mybatisplus.core.injector.DefaultSqlInjector   : class plus.lgx.ordermanager.entity.pojo.RolePermission ,Not found @TableId annotation, Cannot use Mybatis-Plus 'xxById' Method.
23:20:13.099 [  restartedMain] c.b.mybatisplus.core.metadata.TableInfoHelper      : Can not find table primary key in Class: "plus.lgx.ordermanager.entity.pojo.UserRole".
23:20:13.105 [  restartedMain] c.b.mybatisplus.core.injector.DefaultSqlInjector   : class plus.lgx.ordermanager.entity.pojo.UserRole ,Not found @TableId annotation, Cannot use Mybatis-Plus 'xxById' Method.
23:20:14.881 [  restartedMain] c.b.mybatisplus.core.metadata.TableInfoHelper      : Can not find table primary key in Class: "plus.lgx.ordermanager.entity.pojo.RolePermission".
23:20:14.882 [  restartedMain] c.b.mybatisplus.core.injector.DefaultSqlInjector   : class plus.lgx.ordermanager.entity.pojo.RolePermission ,Not found @TableId annotation, Cannot use Mybatis-Plus 'xxById' Method.
23:20:14.899 [  restartedMain] c.b.mybatisplus.core.metadata.TableInfoHelper      : Can not find table primary key in Class: "plus.lgx.ordermanager.entity.pojo.UserRole".
23:20:14.899 [  restartedMain] c.b.mybatisplus.core.injector.DefaultSqlInjector   : class plus.lgx.ordermanager.entity.pojo.UserRole ,Not found @TableId annotation, Cannot use Mybatis-Plus 'xxById' Method.
23:27:30.954 [  restartedMain] c.b.mybatisplus.core.metadata.TableInfoHelper      : Can not find table primary key in Class: "plus.lgx.ordermanager.entity.pojo.RolePermission".
23:27:30.954 [  restartedMain] c.b.mybatisplus.core.injector.DefaultSqlInjector   : class plus.lgx.ordermanager.entity.pojo.RolePermission ,Not found @TableId annotation, Cannot use Mybatis-Plus 'xxById' Method.
23:27:30.967 [  restartedMain] c.b.mybatisplus.core.metadata.TableInfoHelper      : Can not find table primary key in Class: "plus.lgx.ordermanager.entity.pojo.UserRole".
23:27:30.967 [  restartedMain] c.b.mybatisplus.core.injector.DefaultSqlInjector   : class plus.lgx.ordermanager.entity.pojo.UserRole ,Not found @TableId annotation, Cannot use Mybatis-Plus 'xxById' Method.
23:28:11.456 [  restartedMain] c.b.mybatisplus.core.metadata.TableInfoHelper      : Can not find table primary key in Class: "plus.lgx.ordermanager.entity.pojo.RolePermission".
23:28:11.457 [  restartedMain] c.b.mybatisplus.core.injector.DefaultSqlInjector   : class plus.lgx.ordermanager.entity.pojo.RolePermission ,Not found @TableId annotation, Cannot use Mybatis-Plus 'xxById' Method.
23:28:11.483 [  restartedMain] c.b.mybatisplus.core.metadata.TableInfoHelper      : Can not find table primary key in Class: "plus.lgx.ordermanager.entity.pojo.UserRole".
23:28:11.483 [  restartedMain] c.b.mybatisplus.core.injector.DefaultSqlInjector   : class plus.lgx.ordermanager.entity.pojo.UserRole ,Not found @TableId annotation, Cannot use Mybatis-Plus 'xxById' Method.
23:28:39.755 [  restartedMain] c.b.mybatisplus.core.metadata.TableInfoHelper      : Can not find table primary key in Class: "plus.lgx.ordermanager.entity.pojo.RolePermission".
23:28:39.755 [  restartedMain] c.b.mybatisplus.core.injector.DefaultSqlInjector   : class plus.lgx.ordermanager.entity.pojo.RolePermission ,Not found @TableId annotation, Cannot use Mybatis-Plus 'xxById' Method.
23:28:39.779 [  restartedMain] c.b.mybatisplus.core.metadata.TableInfoHelper      : Can not find table primary key in Class: "plus.lgx.ordermanager.entity.pojo.UserRole".
23:28:39.779 [  restartedMain] c.b.mybatisplus.core.injector.DefaultSqlInjector   : class plus.lgx.ordermanager.entity.pojo.UserRole ,Not found @TableId annotation, Cannot use Mybatis-Plus 'xxById' Method.
23:30:07.090 [  restartedMain] c.b.mybatisplus.core.metadata.TableInfoHelper      : Can not find table primary key in Class: "plus.lgx.ordermanager.entity.pojo.RolePermission".
23:30:07.091 [  restartedMain] c.b.mybatisplus.core.injector.DefaultSqlInjector   : class plus.lgx.ordermanager.entity.pojo.RolePermission ,Not found @TableId annotation, Cannot use Mybatis-Plus 'xxById' Method.
23:30:07.114 [  restartedMain] c.b.mybatisplus.core.metadata.TableInfoHelper      : Can not find table primary key in Class: "plus.lgx.ordermanager.entity.pojo.UserRole".
23:30:07.114 [  restartedMain] c.b.mybatisplus.core.injector.DefaultSqlInjector   : class plus.lgx.ordermanager.entity.pojo.UserRole ,Not found @TableId annotation, Cannot use Mybatis-Plus 'xxById' Method.
23:30:59.267 [  restartedMain] c.b.mybatisplus.core.metadata.TableInfoHelper      : Can not find table primary key in Class: "plus.lgx.ordermanager.entity.pojo.RolePermission".
23:30:59.268 [  restartedMain] c.b.mybatisplus.core.injector.DefaultSqlInjector   : class plus.lgx.ordermanager.entity.pojo.RolePermission ,Not found @TableId annotation, Cannot use Mybatis-Plus 'xxById' Method.
23:30:59.300 [  restartedMain] c.b.mybatisplus.core.metadata.TableInfoHelper      : Can not find table primary key in Class: "plus.lgx.ordermanager.entity.pojo.UserRole".
23:30:59.301 [  restartedMain] c.b.mybatisplus.core.injector.DefaultSqlInjector   : class plus.lgx.ordermanager.entity.pojo.UserRole ,Not found @TableId annotation, Cannot use Mybatis-Plus 'xxById' Method.
23:31:19.675 [nio-8080-exec-2] o.s.w.s.m.support.DefaultHandlerExceptionResolver  : Resolved [org.springframework.web.HttpMediaTypeNotAcceptableException: No acceptable representation]
23:32:56.314 [  restartedMain] c.b.mybatisplus.core.metadata.TableInfoHelper      : Can not find table primary key in Class: "plus.lgx.ordermanager.entity.pojo.RolePermission".
23:32:56.314 [  restartedMain] c.b.mybatisplus.core.injector.DefaultSqlInjector   : class plus.lgx.ordermanager.entity.pojo.RolePermission ,Not found @TableId annotation, Cannot use Mybatis-Plus 'xxById' Method.
23:32:56.337 [  restartedMain] c.b.mybatisplus.core.metadata.TableInfoHelper      : Can not find table primary key in Class: "plus.lgx.ordermanager.entity.pojo.UserRole".
23:32:56.337 [  restartedMain] c.b.mybatisplus.core.injector.DefaultSqlInjector   : class plus.lgx.ordermanager.entity.pojo.UserRole ,Not found @TableId annotation, Cannot use Mybatis-Plus 'xxById' Method.
23:33:05.455 [nio-8080-exec-1] o.s.w.s.m.support.DefaultHandlerExceptionResolver  : Resolved [org.springframework.web.HttpMediaTypeNotAcceptableException: No acceptable representation]
23:33:32.866 [  restartedMain] c.b.mybatisplus.core.metadata.TableInfoHelper      : Can not find table primary key in Class: "plus.lgx.ordermanager.entity.pojo.RolePermission".
23:33:32.866 [  restartedMain] c.b.mybatisplus.core.injector.DefaultSqlInjector   : class plus.lgx.ordermanager.entity.pojo.RolePermission ,Not found @TableId annotation, Cannot use Mybatis-Plus 'xxById' Method.
23:33:32.905 [  restartedMain] c.b.mybatisplus.core.metadata.TableInfoHelper      : Can not find table primary key in Class: "plus.lgx.ordermanager.entity.pojo.UserRole".
23:33:32.905 [  restartedMain] c.b.mybatisplus.core.injector.DefaultSqlInjector   : class plus.lgx.ordermanager.entity.pojo.UserRole ,Not found @TableId annotation, Cannot use Mybatis-Plus 'xxById' Method.
23:33:39.060 [nio-8080-exec-1] o.s.w.s.m.support.DefaultHandlerExceptionResolver  : Resolved [org.springframework.web.HttpMediaTypeNotAcceptableException: No acceptable representation]
23:33:47.248 [nio-8080-exec-2] o.s.w.s.m.support.DefaultHandlerExceptionResolver  : Resolved [org.springframework.web.HttpMediaTypeNotAcceptableException: No acceptable representation]
23:35:08.250 [  restartedMain] c.b.mybatisplus.core.metadata.TableInfoHelper      : Can not find table primary key in Class: "plus.lgx.ordermanager.entity.pojo.RolePermission".
23:35:08.250 [  restartedMain] c.b.mybatisplus.core.injector.DefaultSqlInjector   : class plus.lgx.ordermanager.entity.pojo.RolePermission ,Not found @TableId annotation, Cannot use Mybatis-Plus 'xxById' Method.
23:35:08.281 [  restartedMain] c.b.mybatisplus.core.metadata.TableInfoHelper      : Can not find table primary key in Class: "plus.lgx.ordermanager.entity.pojo.UserRole".
23:35:08.282 [  restartedMain] c.b.mybatisplus.core.injector.DefaultSqlInjector   : class plus.lgx.ordermanager.entity.pojo.UserRole ,Not found @TableId annotation, Cannot use Mybatis-Plus 'xxById' Method.
23:36:20.777 [  restartedMain] c.b.mybatisplus.core.metadata.TableInfoHelper      : Can not find table primary key in Class: "plus.lgx.ordermanager.entity.pojo.RolePermission".
23:36:20.777 [  restartedMain] c.b.mybatisplus.core.injector.DefaultSqlInjector   : class plus.lgx.ordermanager.entity.pojo.RolePermission ,Not found @TableId annotation, Cannot use Mybatis-Plus 'xxById' Method.
23:36:20.792 [  restartedMain] c.b.mybatisplus.core.metadata.TableInfoHelper      : Can not find table primary key in Class: "plus.lgx.ordermanager.entity.pojo.UserRole".
23:36:20.792 [  restartedMain] c.b.mybatisplus.core.injector.DefaultSqlInjector   : class plus.lgx.ordermanager.entity.pojo.UserRole ,Not found @TableId annotation, Cannot use Mybatis-Plus 'xxById' Method.
